#
# There is insufficient memory for the Java Runtime Environment to continue.
# Native memory allocation (mmap) failed to map 266338304 bytes for G1 virtual space
# Possible reasons:
#   The system is out of physical RAM or swap space
#   The process is running with CompressedOops enabled, and the Java Heap may be blocking the growth of the native heap
# Possible solutions:
#   Reduce memory load on the system
#   Increase physical memory or swap space
#   Check if swap backing store is full
#   Decrease Java heap size (-Xmx/-Xms)
#   Decrease number of Java threads
#   Decrease Java thread stack sizes (-Xss)
#   Set larger code cache with -XX:ReservedCodeCacheSize=
#   JVM is running with Zero Based Compressed Oops mode in which the Java heap is
#     placed in the first 32GB address space. The Java Heap base address is the
#     maximum limit for the native heap growth. Please use -XX:HeapBaseMinAddress
#     to set the Java Heap base and to place the Java Heap above 32GB virtual address.
# This output file may be truncated or incomplete.
#
#  Out of Memory Error (os_windows.cpp:3600), pid=1820, tid=10932
#
# JRE version:  (21.0.5+9) (build )
# Java VM: Java HotSpot(TM) 64-Bit Server VM (21.0.5+9-LTS-239, mixed mode, emulated-client, sharing, tiered, compressed oops, compressed class ptrs, g1 gc, windows-amd64)
# No core dump will be written. Minidumps are not enabled by default on client versions of Windows
#

---------------  S U M M A R Y ------------

Command Line: -XX:TieredStopAtLevel=1 -Dspring.output.ansi.enabled=always -Dcom.sun.management.jmxremote -Dspring.jmx.enabled=true -Dspring.liveBeansView.mbeanDomain -Dspring.application.admin.enabled=true -Dmanagement.endpoints.jmx.exposure.include=* -javaagent:F:\IntelliJ IDEA 2023.2.4\lib\idea_rt.jar=52916:F:\IntelliJ IDEA 2023.2.4\bin -Dfile.encoding=UTF-8 -Dsun.stdout.encoding=UTF-8 -Dsun.stderr.encoding=UTF-8 com.atp.gatewayserver.GatewayserverApplication

Host: Intel(R) Core(TM) i3-10105F CPU @ 3.70GHz, 8 cores, 15G,  Windows 11 , 64 bit Build 22621 (10.0.22621.4830)
Time: Sat Feb 15 08:50:09 2025 SE Asia Standard Time elapsed time: 0.011566 seconds (0d 0h 0m 0s)

---------------  T H R E A D  ---------------

Current thread (0x000002438c2d7a00):  JavaThread "Unknown thread" [_thread_in_vm, id=10932, stack(0x0000005f14d00000,0x0000005f14e00000) (1024K)]

Stack: [0x0000005f14d00000,0x0000005f14e00000]
Native frames: (J=compiled Java code, j=interpreted, Vv=VM code, C=native code)
V  [jvm.dll+0x6ca289]
V  [jvm.dll+0x854a51]
V  [jvm.dll+0x856f7e]
V  [jvm.dll+0x857653]
V  [jvm.dll+0x27dd26]
V  [jvm.dll+0x6c6a25]
V  [jvm.dll+0x6bb5aa]
V  [jvm.dll+0x35359a]
V  [jvm.dll+0x35b1f6]
V  [jvm.dll+0x3adade]
V  [jvm.dll+0x3add88]
V  [jvm.dll+0x3278fc]
V  [jvm.dll+0x32845b]
V  [jvm.dll+0x81de19]
V  [jvm.dll+0x3ba7c1]
V  [jvm.dll+0x807168]
V  [jvm.dll+0x44f96e]
V  [jvm.dll+0x451561]
C  [jli.dll+0x52a3]
C  [ucrtbase.dll+0x29333]
C  [KERNEL32.DLL+0x1259d]
C  [ntdll.dll+0x5af38]


---------------  P R O C E S S  ---------------

Threads class SMR info:
_java_thread_list=0x00007ffcae03ac08, length=0, elements={
}

Java Threads: ( => current thread )
Total: 0

Other Threads:
  0x000002438c340320 WorkerThread "GC Thread#0"                     [id=10372, stack(0x0000005f14e00000,0x0000005f14f00000) (1024K)]
  0x000002438c351180 ConcurrentGCThread "G1 Main Marker"            [id=18388, stack(0x0000005f14f00000,0x0000005f15000000) (1024K)]
  0x000002438c351c80 WorkerThread "G1 Conc#0"                       [id=12292, stack(0x0000005f15000000,0x0000005f15100000) (1024K)]

[error occurred during error reporting (printing all threads), id 0xc0000005, EXCEPTION_ACCESS_VIOLATION (0xc0000005) at pc=0x00007ffcad7aa087]
VM state: not at safepoint (not fully initialized)

VM Mutex/Monitor currently owned by a thread:  ([mutex/lock_event])
[0x00007ffcae0abf98] Heap_lock - owner thread: 0x000002438c2d7a00

Heap address: 0x0000000702000000, size: 4064 MB, Compressed Oops mode: Zero based, Oop shift amount: 3

CDS archive(s) mapped at: [0x0000000000000000-0x0000000000000000-0x0000000000000000), size 0, SharedBaseAddress: 0x0000000800000000, ArchiveRelocationMode: 1.
Narrow klass base: 0x0000000000000000, Narrow klass shift: 0, Narrow klass range: 0x0

GC Precious Log:
 CardTable entry size: 512
 Card Set container configuration: InlinePtr #cards 4 size 8 Array Of Cards #cards 16 size 48 Howl #buckets 8 coarsen threshold 3686 Howl Bitmap #cards 512 size 80 coarsen threshold 460 Card regions per heap region 1 cards per card region 4096

Heap:
 garbage-first heap   total 0K, used 0K [0x0000000702000000, 0x0000000800000000)
  region size 2048K, 0 young (0K), 0 survivors (0K)

[error occurred during error reporting (printing heap information), id 0xc0000005, EXCEPTION_ACCESS_VIOLATION (0xc0000005) at pc=0x00007ffcadb93259]
GC Heap History (0 events):
No events

Dll operation events (1 events):
Event: 0.008 Loaded shared library F:\Java\jdk-21\bin\java.dll

Deoptimization events (0 events):
No events

Classes loaded (0 events):
No events

Classes unloaded (0 events):
No events

Classes redefined (0 events):
No events

Internal exceptions (0 events):
No events

ZGC Phase Switch (0 events):
No events

VM Operations (0 events):
No events

Events (0 events):
No events


Dynamic libraries:
0x00007ff6a8b90000 - 0x00007ff6a8ba0000 	F:\Java\jdk-21\bin\java.exe
0x00007ffd04910000 - 0x00007ffd04b27000 	C:\WINDOWS\SYSTEM32\ntdll.dll
0x00007ffd02fb0000 - 0x00007ffd03074000 	C:\WINDOWS\System32\KERNEL32.DLL
0x00007ffd02230000 - 0x00007ffd02600000 	C:\WINDOWS\System32\KERNELBASE.dll
0x00007ffd01f50000 - 0x00007ffd02061000 	C:\WINDOWS\System32\ucrtbase.dll
0x00007ffcbcba0000 - 0x00007ffcbcbb9000 	F:\Java\jdk-21\bin\jli.dll
0x00007ffcdb7f0000 - 0x00007ffcdb80b000 	F:\Java\jdk-21\bin\VCRUNTIME140.dll
0x00007ffd02bf0000 - 0x00007ffd02ca1000 	C:\WINDOWS\System32\ADVAPI32.dll
0x00007ffd038c0000 - 0x00007ffd03967000 	C:\WINDOWS\System32\msvcrt.dll
0x00007ffd043b0000 - 0x00007ffd04457000 	C:\WINDOWS\System32\sechost.dll
0x00007ffd01f20000 - 0x00007ffd01f48000 	C:\WINDOWS\System32\bcrypt.dll
0x00007ffd02600000 - 0x00007ffd02714000 	C:\WINDOWS\System32\RPCRT4.dll
0x00007ffd03080000 - 0x00007ffd0322e000 	C:\WINDOWS\System32\USER32.dll
0x00007ffd01c40000 - 0x00007ffd01c66000 	C:\WINDOWS\System32\win32u.dll
0x00007ffceb7c0000 - 0x00007ffceba52000 	C:\WINDOWS\WinSxS\amd64_microsoft.windows.common-controls_6595b64144ccf1df_6.0.22621.4830_none_270fe7d773858e80\COMCTL32.dll
0x00007ffd048a0000 - 0x00007ffd048c9000 	C:\WINDOWS\System32\GDI32.dll
0x00007ffd02110000 - 0x00007ffd0222b000 	C:\WINDOWS\System32\gdi32full.dll
0x00007ffd02070000 - 0x00007ffd0210a000 	C:\WINDOWS\System32\msvcp_win.dll
0x00007ffcfce80000 - 0x00007ffcfce8a000 	C:\WINDOWS\SYSTEM32\VERSION.dll
0x00007ffd02bb0000 - 0x00007ffd02be1000 	C:\WINDOWS\System32\IMM32.DLL
0x00007ffcbcb90000 - 0x00007ffcbcb9c000 	F:\Java\jdk-21\bin\vcruntime140_1.dll
0x00007ffcae940000 - 0x00007ffcae9ce000 	F:\Java\jdk-21\bin\msvcp140.dll
0x00007ffcad470000 - 0x00007ffcae188000 	F:\Java\jdk-21\bin\server\jvm.dll
0x00007ffd02ab0000 - 0x00007ffd02b21000 	C:\WINDOWS\System32\WS2_32.dll
0x00007ffcf8970000 - 0x00007ffcf89a4000 	C:\WINDOWS\SYSTEM32\WINMM.dll
0x00007ffd01350000 - 0x00007ffd0139d000 	C:\WINDOWS\SYSTEM32\POWRPROF.dll
0x00007ffd01330000 - 0x00007ffd01343000 	C:\WINDOWS\SYSTEM32\UMPDC.dll
0x00007ffd00bc0000 - 0x00007ffd00bd8000 	C:\WINDOWS\SYSTEM32\kernel.appcore.dll
0x00007ffcbcb80000 - 0x00007ffcbcb8a000 	F:\Java\jdk-21\bin\jimage.dll
0x00007ffcf7c70000 - 0x00007ffcf7ea2000 	C:\WINDOWS\SYSTEM32\DBGHELP.DLL
0x00007ffd04460000 - 0x00007ffd047f0000 	C:\WINDOWS\System32\combase.dll
0x00007ffd02dc0000 - 0x00007ffd02e97000 	C:\WINDOWS\System32\OLEAUT32.dll
0x00007ffcf0dc0000 - 0x00007ffcf0df2000 	C:\WINDOWS\SYSTEM32\dbgcore.DLL
0x00007ffd01bc0000 - 0x00007ffd01c3b000 	C:\WINDOWS\System32\bcryptPrimitives.dll
0x00007ffcfd5d0000 - 0x00007ffcfd5df000 	F:\Java\jdk-21\bin\instrument.dll
0x00007ffcbcb60000 - 0x00007ffcbcb7f000 	F:\Java\jdk-21\bin\java.dll

dbghelp: loaded successfully - version: 4.0.5 - missing functions: none
symbol engine: initialized successfully - sym options: 0x614 - pdb path: .;F:\Java\jdk-21\bin;C:\WINDOWS\SYSTEM32;C:\WINDOWS\WinSxS\amd64_microsoft.windows.common-controls_6595b64144ccf1df_6.0.22621.4830_none_270fe7d773858e80;F:\Java\jdk-21\bin\server

VM Arguments:
jvm_args: -XX:TieredStopAtLevel=1 -Dspring.output.ansi.enabled=always -Dcom.sun.management.jmxremote -Dspring.jmx.enabled=true -Dspring.liveBeansView.mbeanDomain -Dspring.application.admin.enabled=true -Dmanagement.endpoints.jmx.exposure.include=* -javaagent:F:\IntelliJ IDEA 2023.2.4\lib\idea_rt.jar=52916:F:\IntelliJ IDEA 2023.2.4\bin -Dfile.encoding=UTF-8 -Dsun.stdout.encoding=UTF-8 -Dsun.stderr.encoding=UTF-8 
java_command: com.atp.gatewayserver.GatewayserverApplication
java_class_path (initial): F:\MainProject\MicroserviceBank\gatewayserver\target\classes;F:\m2\org\springframework\boot\spring-boot-starter-actuator\3.4.2\spring-boot-starter-actuator-3.4.2.jar;F:\m2\org\springframework\boot\spring-boot-starter\3.4.2\spring-boot-starter-3.4.2.jar;F:\m2\org\springframework\boot\spring-boot-starter-logging\3.4.2\spring-boot-starter-logging-3.4.2.jar;F:\m2\ch\qos\logback\logback-classic\1.5.16\logback-classic-1.5.16.jar;F:\m2\ch\qos\logback\logback-core\1.5.16\logback-core-1.5.16.jar;F:\m2\org\apache\logging\log4j\log4j-to-slf4j\2.24.3\log4j-to-slf4j-2.24.3.jar;F:\m2\org\apache\logging\log4j\log4j-api\2.24.3\log4j-api-2.24.3.jar;F:\m2\org\slf4j\jul-to-slf4j\2.0.16\jul-to-slf4j-2.0.16.jar;F:\m2\jakarta\annotation\jakarta.annotation-api\2.1.1\jakarta.annotation-api-2.1.1.jar;F:\m2\org\yaml\snakeyaml\2.3\snakeyaml-2.3.jar;F:\m2\org\springframework\boot\spring-boot-actuator-autoconfigure\3.4.2\spring-boot-actuator-autoconfigure-3.4.2.jar;F:\m2\org\springframework\boot\spring-boot-actuator\3.4.2\spring-boot-actuator-3.4.2.jar;F:\m2\com\fasterxml\jackson\datatype\jackson-datatype-jsr310\2.18.2\jackson-datatype-jsr310-2.18.2.jar;F:\m2\io\micrometer\micrometer-observation\1.14.3\micrometer-observation-1.14.3.jar;F:\m2\io\micrometer\micrometer-commons\1.14.3\micrometer-commons-1.14.3.jar;F:\m2\io\micrometer\micrometer-jakarta9\1.14.3\micrometer-jakarta9-1.14.3.jar;F:\m2\io\micrometer\micrometer-core\1.14.3\micrometer-core-1.14.3.jar;F:\m2\org\hdrhistogram\HdrHistogram\2.2.2\HdrHistogram-2.2.2.jar;F:\m2\org\latencyutils\LatencyUtils\2.0.3\LatencyUtils-2.0.3.jar;F:\m2\org\springframework\cloud\spring-cloud-starter-config\4.2.0\spring-cloud-starter-config-4.2.0.jar;F:\m2\org\springframework\cloud\spring-cloud-starter\4.2.0\spring-cloud-starter-4.2.0.jar;F:\m2\org\springframework\cloud\spring-cloud-context\4.2.0\spring-cloud-context-4.2.0.jar;F:\m2\org\springframework\security\spring-security-crypto\6.4.2\spring-security-crypto-6.4.2.jar;F:\m2\org\springframework\cloud\spring-cloud-commons\4.2.0\spring-cloud-commons-4.2.0.jar;F:\m2\org\bouncycastle\bcprov-jdk18on\1.78.1\bcprov-jdk18on-1.78.1.jar;F:\m2\org\springframework\cloud\spring-cloud-config-client\4.2.0\spring-cloud-config-client-4.2.0.jar;F:\m2\org\springframework\spring-web\6.2.2\spring-web-6.2.2.jar;F:\m2\org\springframework\spring-beans\6.2.2\spring-beans-6.2.2.jar;F:\m2\com\fasterxml\jackson\core\jackson-annotations\2.18.2\jackson-annotations-2.18.2.jar;F:\m2\org\apache\httpcomponents\client5\httpclient5\5.4.1\httpclient5-5.4.1.jar;F:\m2\org\apache\httpcomponents\core5\httpcore5\5.3.2\httpcore5-5.3.2.jar;F:\m2\org\apache\httpcomponents\core5\httpcore5-h2\5.3.2\httpcore5-h2-5.3.2.jar;F:\m2\com\fasterxml\jackson\core\jackson-databind\2.18.2\jackson-databind-2.18.2.jar;F:\m2\com\fasterxml\jackson\core\jackson-core\2.18.2\jackson-core-2.18.2.jar;F:\m2\org\springframework\cloud\spring-cloud-starter-gateway\4.2.0\spring-cloud-starter-gateway-4.2.0.jar;F:\m2\org\springframework\cloud\spring-cloud-gateway-server\4.2.0\spring-cloud-gateway-server-4.2.0.jar;F:\m2\org\springframework\boot\spring-boot-starter-validation\3.4.2\spring-boot-starter-validation-3.4.2.jar;F:\m2\org\apache\tomcat\embed\tomcat-embed-el\10.1.34\tomcat-embed-el-10.1.34.jar;F:\m2\org\hibernate\validator\hibernate-validator\8.0.2.Final\hibernate-validator-8.0.2.Final.jar;F:\m2\jakarta\validation\jakarta.validation-api\3.0.2\jakarta.validation-api-3.0.2.jar;F:\m2\org\jboss\logging\jboss-logging\3.6.1.Final\jboss-logging-3.6.1.Final.jar;F:\m2\com\fasterxml\classmate\1.7.0\classmate-1.7.0.jar;F:\m2\io\projectreactor\addons\reactor-extra\3.5.2\reactor-extra-3.5.2.jar;F:\m2\org\springframework\boot\spring-boot-starter-webflux\3.4.2\spring-boot-starter-webflux-3.4.2.jar;F:\m2\org\springframework\boot\spring-boot-starter-json\3.4.2\spring-boot-starter-json-3.4.2.jar;F:\m2\com\fasterxml\jackson\datatype\jackson-datatype-jdk8\2.18.2\jackson-datatype-jdk8-2.18.2.jar;F:\m2\com\fasterxml\jackson\module\jackson-module-parameter-names\2.18.2\jackson-module-parameter-names-2.18.2.jar;F:\m2\org\springframework\boot\spring-boot-starter-reactor-netty\3.4.2\spring-boot-starter-reactor-netty-3.4.2.jar;F:\m2\io\projectreactor\netty\reactor-netty-http\1.2.2\reactor-netty-http-1.2.2.jar;F:\m2\io\netty\netty-codec-http\4.1.117.Final\netty-codec-http-4.1.117.Final.jar;F:\m2\io\netty\netty-common\4.1.117.Final\netty-common-4.1.117.Final.jar;F:\m2\io\netty\netty-buffer\4.1.117.Final\netty-buffer-4.1.117.Final.jar;F:\m2\io\netty\netty-transport\4.1.117.Final\netty-transport-4.1.117.Final.jar;F:\m2\io\netty\netty-codec\4.1.117.Final\netty-codec-4.1.117.Final.jar;F:\m2\io\netty\netty-handler\4.1.117.Final\netty-handler-4.1.117.Final.jar;F:\m2\io\netty\netty-codec-http2\4.1.117.Final\netty-codec-http2-4.1.117.Final.jar;F:\m2\io\netty\netty-resolver-dns\4.1.117.Final\netty-resolver-dns-4.1.117.Final.jar;F:\m2\io\netty\netty-resolver\4.1.117.Final\netty-resolver-4.1.117.Final.jar;F:\m2\io\netty\netty-codec-dns\4.1.117.Final\netty-codec-dns-4.1.117.Final.jar;F:\m2\io\netty\netty-resolver-dns-native-macos\4.1.117.Final\netty-resolver-dns-native-macos-4.1.117.Final-osx-x86_64.jar;F:\m2\io\netty\netty-resolver-dns-classes-macos\4.1.117.Final\netty-resolver-dns-classes-macos-4.1.117.Final.jar;F:\m2\io\netty\netty-transport-native-epoll\4.1.117.Final\netty-transport-native-epoll-4.1.117.Final-linux-x86_64.jar;F:\m2\io\netty\netty-transport-native-unix-common\4.1.117.Final\netty-transport-native-unix-common-4.1.117.Final.jar;F:\m2\io\netty\netty-transport-classes-epoll\4.1.117.Final\netty-transport-classes-epoll-4.1.117.Final.jar;F:\m2\io\projectreactor\netty\reactor-netty-core\1.2.2\reactor-netty-core-1.2.2.jar;F:\m2\io\netty\netty-handler-proxy\4.1.117.Final\netty-handler-proxy-4.1.117.Final.jar;F:\m2\io\netty\netty-codec-socks\4.1.117.Final\netty-codec-socks-4.1.117.Final.jar;F:\m2\org\springframework\spring-webflux\6.2.2\spring-webflux-6.2.2.jar;F:\m2\org\springframework\cloud\spring-cloud-starter-netflix-eureka-client\4.2.0\spring-cloud-starter-netflix-eureka-client-4.2.0.jar;F:\m2\org\springframework\cloud\spring-cloud-netflix-eureka-client\4.2.0\spring-cloud-netflix-eureka-client-4.2.0.jar;F:\m2\com\netflix\eureka\eureka-client\2.0.4\eureka-client-2.0.4.jar;F:\m2\com\thoughtworks\xstream\xstream\1.4.20\xstream-1.4.20.jar;F:\m2\io\github\x-stream\mxparser\1.2.2\mxparser-1.2.2.jar;F:\m2\xmlpull\xmlpull\1.1.3.1\xmlpull-1.1.3.1.jar;F:\m2\jakarta\ws\rs\jakarta.ws.rs-api\3.1.0\jakarta.ws.rs-api-3.1.0.jar;F:\m2\jakarta\inject\jakarta.inject-api\2.0.1\jakarta.inject-api-2.0.1.jar;F:\m2\com\netflix\spectator\spectator-api\1.7.3\spectator-api-1.7.3.jar;F:\m2\org\slf4j\slf4j-api\2.0.16\slf4j-api-2.0.16.jar;F:\m2\org\apache\httpcomponents\httpclient\4.5.3\httpclient-4.5.3.jar;F:\m2\org\apache\httpcomponents\httpcore\4.4.16\httpcore-4.4.16.jar;F:\m2\commons-codec\commons-codec\1.17.2\commons-codec-1.17.2.jar;F:\m2\commons-configuration\commons-configuration\1.10\commons-configuration-1.10.jar;F:\m2\commons-lang\commons-lang\2.6\commons-lang-2.6.jar;F:\m2\com\netflix\netflix-commons\netflix-eventbus\0.3.0\netflix-eventbus-0.3.0.jar;F:\m2\com\netflix\netflix-commons\netflix-infix\0.3.0\netflix-infix-0.3.0.jar;F:\m2\commons-jxpath\commons-jxpath\1.3\commons-jxpath-1.3.jar;F:\m2\joda-time\joda-time\2.3\joda-time-2.3.jar;F:\m2\org\antlr\antlr-runtime\3.4\antlr-runtime-3.4.jar;F:\m2\org\antlr\stringtemplate\3.2.1\stringtemplate-3.2.1.jar;F:\m2\antlr\antlr\2.7.7\antlr-2.7.7.jar;F:\m2\com\google\guava\guava\33.3.1-jre\guava-33.3.1-jre.jar;F:\m2\com\google\guava\failureaccess\1.0.2\failureaccess-1.0.2.jar;F:\m2\com\google\guava\listenablefuture\9999.0-empty-to-avoid-conflict-with-guava\listenablefuture-9999.0-empty-to-avoid-conflict-with-guava.jar;F:\m2\org\checkerframework\checker-qual\3.43.0\checker-qual-3.43.0.jar;F:\m2\com\google\errorprone\error_prone_annotations\2.28.0\error_prone_annotations-2.28.0.jar;F:\m2\com\google\j2objc\j2objc-annotations\3.0.0\j2objc-annotations-3.0.0.jar;F:\m2\com\google\code\gson\gson\2.11.0\gson-2.11.0.jar;F:\m2\com\netflix\servo\servo-core\0.5.3\servo-core-0.5.3.jar;F:\m2\org\apache\commons\commons-math\2.2\commons-math-2.2.jar;F:\m2\javax\annotation\javax.annotation-api\1.2\javax.annotation-api-1.2.jar;F:\m2\org\codehaus\jettison\jettison\1.5.4\jettison-1.5.4.jar;F:\m2\org\springframework\cloud\spring-cloud-starter-loadbalancer\4.2.0\spring-cloud-starter-loadbalancer-4.2.0.jar;F:\m2\org\springframework\cloud\spring-cloud-loadbalancer\4.2.0\spring-cloud-loadbalancer-4.2.0.jar;F:\m2\org\springframework\boot\spring-boot-starter-cache\3.4.2\spring-boot-starter-cache-3.4.2.jar;F:\m2\org\springframework\spring-context-support\6.2.2\spring-context-support-6.2.2.jar;F:\m2\com\stoyanr\evictor\1.0.0\evictor-1.0.0.jar;F:\m2\org\springframework\boot\spring-boot-devtools\3.4.2\spring-boot-devtools-3.4.2.jar;F:\m2\org\springframework\boot\spring-boot\3.4.2\spring-boot-3.4.2.jar;F:\m2\org\springframework\spring-context\6.2.2\spring-context-6.2.2.jar;F:\m2\org\springframework\spring-aop\6.2.2\spring-aop-6.2.2.jar;F:\m2\org\springframework\spring-expression\6.2.2\spring-expression-6.2.2.jar;F:\m2\org\springframework\boot\spring-boot-autoconfigure\3.4.2\spring-boot-autoconfigure-3.4.2.jar;F:\m2\org\springframework\spring-core\6.2.2\spring-core-6.2.2.jar;F:\m2\org\springframework\spring-jcl\6.2.2\spring-jcl-6.2.2.jar;F:\m2\io\projectreactor\reactor-core\3.7.2\reactor-core-3.7.2.jar;F:\m2\org\reactivestreams\reactive-streams\1.0.4\reactive-streams-1.0.4.jar
Launcher Type: SUN_STANDARD

[Global flags]
     intx CICompilerCount                          = 4                                         {product} {ergonomic}
     uint ConcGCThreads                            = 2                                         {product} {ergonomic}
     uint G1ConcRefinementThreads                  = 8                                         {product} {ergonomic}
   size_t G1HeapRegionSize                         = 2097152                                   {product} {ergonomic}
    uintx GCDrainStackTargetSize                   = 64                                        {product} {ergonomic}
   size_t InitialHeapSize                          = 266338304                                 {product} {ergonomic}
     bool ManagementServer                         = true                                      {product} {command line}
   size_t MarkStackSize                            = 4194304                                   {product} {ergonomic}
   size_t MaxHeapSize                              = 4261412864                                {product} {ergonomic}
   size_t MinHeapDeltaBytes                        = 2097152                                   {product} {ergonomic}
   size_t MinHeapSize                              = 8388608                                   {product} {ergonomic}
    uintx NonNMethodCodeHeapSize                   = 4096                                   {pd product} {ergonomic}
    uintx NonProfiledCodeHeapSize                  = 0                                      {pd product} {ergonomic}
     bool ProfileInterpreter                       = false                                  {pd product} {command line}
    uintx ProfiledCodeHeapSize                     = 0                                      {pd product} {ergonomic}
   size_t SoftMaxHeapSize                          = 4261412864                             {manageable} {ergonomic}
     intx TieredStopAtLevel                        = 1                                         {product} {command line}
     bool UseCompressedOops                        = true                           {product lp64_product} {ergonomic}
     bool UseG1GC                                  = true                                      {product} {ergonomic}
     bool UseLargePagesIndividualAllocation        = false                                  {pd product} {ergonomic}

Logging:
Log output configuration:
 #0: stdout all=warning uptime,level,tags foldmultilines=false
 #1: stderr all=off uptime,level,tags foldmultilines=false

Environment Variables:
JAVA_HOME=F:\Java\jdk-21
PATH=F:\Python3\Scripts\;F:\Python3\;C:\Program Files\Microsoft MPI\Bin\;C:\Program Files\Common Files\Oracle\Java\javapath;C:\Program Files (x86)\Common Files\Oracle\Java\java8path;C:\Program Files (x86)\Common Files\Oracle\Java\javapath;C:\ProgramData\Oracle\Java\javapath;C:\Windows\system32;C:\Windows;C:\Windows\System32\Wbem;C:\Windows\System32\WindowsPowerShell\v1.0\;C:\Windows\System32\OpenSSH\;C:\Program Files\Git\cmd;C:\WINDOWS\system32;C:\WINDOWS;C:\WINDOWS\System32\Wbem;C:\WINDOWS\System32\WindowsPowerShell\v1.0\;C:\WINDOWS\System32\OpenSSH\;C:\Program Files (x86)\Microsoft SQL Server\160\Tools\Binn\;C:\Program Files\Microsoft SQL Server\160\Tools\Binn\;C:\Program Files\Microsoft SQL Server\Client SDK\ODBC\170\Tools\Binn\;C:\Program Files\Microsoft SQL Server\160\DTS\Binn\;F:\Java\jdk-17\bin;C:\Program Files (x86)\Microsoft SQL Server\160\DTS\Binn\;F:\Maven\apache-maven-3.9.5\bin;F:\putty\;F:\Docker3\Docker\resources\bin;F:\install\nvm-setup\nvm;F:\install\nodejs;F:\install\yarn\bin\;C:\Users\ADMIN\AppData\Local\Microsoft\WindowsApps;C:\Users\ADMIN\AppData\Local\Programs\Microsoft VS Code\bin;F:\msys64\mingw64\bin;C:\Program Files\Azure Data Studio\bin;C:\Program Files\Azure Data Studio\bin;%IntelliJ IDEA Community Edition%;F:\IntelliJ IDEA 2023.2.4\bin;;F:\PyCharm 2023.2.3\bin;;F:\Java\jdk-21\bin;F:\install\nvm-setup\nvm;F:\install\nodejs;C:\Users\ADMIN\AppData\Local\Yarn\bin
USERNAME=ADMIN
OS=Windows_NT
PROCESSOR_IDENTIFIER=Intel64 Family 6 Model 165 Stepping 3, GenuineIntel
TMP=C:\Users\ADMIN\AppData\Local\Temp
TEMP=C:\Users\ADMIN\AppData\Local\Temp




Periodic native trim disabled

---------------  S Y S T E M  ---------------

OS:
 Windows 11 , 64 bit Build 22621 (10.0.22621.4830)
OS uptime: 0 days 1:03 hours
Hyper-V role detected

CPU: total 8 (initial active 8) (4 cores per cpu, 2 threads per core) family 6 model 165 stepping 3 microcode 0xea, cx8, cmov, fxsr, ht, mmx, 3dnowpref, sse, sse2, sse3, ssse3, sse4.1, sse4.2, popcnt, lzcnt, tsc, tscinvbit, avx, avx2, aes, erms, clmul, bmi1, bmi2, adx, fma, vzeroupper, clflush, clflushopt, hv, rdtscp, f16c
Processor Information for all 8 processors :
  Max Mhz: 3696, Current Mhz: 3696, Mhz Limit: 3696

Memory: 4k page, system-wide physical 16253M (783M free)
TotalPageFile size 20349M (AvailPageFile size 243M)
current process WorkingSet (physical memory assigned to process): 11M, peak: 11M
current process commit charge ("private bytes"): 55M, peak: 309M

vm_info: Java HotSpot(TM) 64-Bit Server VM (21.0.5+9-LTS-239) for windows-amd64 JRE (21.0.5+9-LTS-239), built on 2024-09-30T05:17:38Z by "mach5one" with MS VC++ 17.6 (VS2022)

END.
