#
# There is insufficient memory for the Java Runtime Environment to continue.
# Native memory allocation (mmap) failed to map 65536 bytes for Failed to commit metaspace.
# Possible reasons:
#   The system is out of physical RAM or swap space
#   The process is running with CompressedOops enabled, and the Java Heap may be blocking the growth of the native heap
# Possible solutions:
#   Reduce memory load on the system
#   Increase physical memory or swap space
#   Check if swap backing store is full
#   Decrease Java heap size (-Xmx/-Xms)
#   Decrease number of Java threads
#   Decrease Java thread stack sizes (-Xss)
#   Set larger code cache with -XX:ReservedCodeCacheSize=
#   JVM is running with Zero Based Compressed Oops mode in which the Java heap is
#     placed in the first 32GB address space. The Java Heap base address is the
#     maximum limit for the native heap growth. Please use -XX:HeapBaseMinAddress
#     to set the Java Heap base and to place the Java Heap above 32GB virtual address.
# This output file may be truncated or incomplete.
#
#  Out of Memory Error (virtualSpaceNode.cpp:112), pid=12252, tid=18812
#
# JRE version: Java(TM) SE Runtime Environment (21.0.5+9) (build 21.0.5+9-LTS-239)
# Java VM: Java HotSpot(TM) 64-Bit Server VM (21.0.5+9-LTS-239, mixed mode, emulated-client, tiered, compressed oops, compressed class ptrs, g1 gc, windows-amd64)
# No core dump will be written. Minidumps are not enabled by default on client versions of Windows
#

---------------  S U M M A R Y ------------

Command Line: -agentlib:jdwp=transport=dt_socket,address=127.0.0.1:63409,suspend=y,server=n -XX:TieredStopAtLevel=1 -Dspring.output.ansi.enabled=always -Dcom.sun.management.jmxremote -Dspring.jmx.enabled=true -Dspring.liveBeansView.mbeanDomain -Dspring.application.admin.enabled=true -Dmanagement.endpoints.jmx.exposure.include=* -Dfile.encoding=UTF-8 -Dsun.stdout.encoding=UTF-8 -Dsun.stderr.encoding=UTF-8 com.atp.accounts.AccountsApplication

Host: Intel(R) Core(TM) i3-10105F CPU @ 3.70GHz, 8 cores, 15G,  Windows 11 , 64 bit Build 22621 (10.0.22621.4830)
Time: Mon Feb 17 11:42:12 2025 SE Asia Standard Time elapsed time: 0.247035 seconds (0d 0h 0m 0s)

---------------  T H R E A D  ---------------

Current thread (0x000002c4c6736c50):  JavaThread "main"             [_thread_in_vm, id=18812, stack(0x000000eb49e00000,0x000000eb49f00000) (1024K)]

Stack: [0x000000eb49e00000,0x000000eb49f00000]
Native frames: (J=compiled Java code, j=interpreted, Vv=VM code, C=native code)
V  [jvm.dll+0x6ca289]
V  [jvm.dll+0x854a51]
V  [jvm.dll+0x856f7e]
V  [jvm.dll+0x857653]
V  [jvm.dll+0x27dd26]
V  [jvm.dll+0x85066e]
V  [jvm.dll+0x66dfd5]
V  [jvm.dll+0x66e03a]
V  [jvm.dll+0x670855]
V  [jvm.dll+0x670722]
V  [jvm.dll+0x66e9ae]
V  [jvm.dll+0x678d67]
V  [jvm.dll+0x214c91]
V  [jvm.dll+0x21511a]
V  [jvm.dll+0x215b41]
V  [jvm.dll+0x20afde]
V  [jvm.dll+0x5aceac]
V  [jvm.dll+0x21c77a]
V  [jvm.dll+0x7ce34c]
V  [jvm.dll+0x7cf374]
V  [jvm.dll+0x7cf942]
V  [jvm.dll+0x7cf5c8]
V  [jvm.dll+0x26bb4b]
V  [jvm.dll+0x3d27de]
C  0x000002c4d0e24034

The last pc belongs to new (printed below).
Java frames: (J=compiled Java code, j=interpreted, Vv=VM code)
j  java.util.HashMap.values()Ljava/util/Collection;+9 java.base@21.0.5
j  java.lang.module.Resolver.bind(Z)Ljava/lang/module/Resolver;+283 java.base@21.0.5
j  java.lang.module.Configuration.resolveAndBind(Ljava/lang/module/ModuleFinder;Ljava/util/Collection;Ljava/io/PrintStream;)Ljava/lang/module/Configuration;+33 java.base@21.0.5
j  java.lang.module.ModuleDescriptor$1.resolveAndBind(Ljava/lang/module/ModuleFinder;Ljava/util/Collection;Ljava/io/PrintStream;)Ljava/lang/module/Configuration;+3 java.base@21.0.5
j  jdk.internal.module.Modules.newBootLayerConfiguration(Ljava/lang/module/ModuleFinder;Ljava/util/Collection;Ljava/io/PrintStream;)Ljava/lang/module/Configuration;+6 java.base@21.0.5
j  jdk.internal.module.ModuleBootstrap.boot2()Ljava/lang/ModuleLayer;+896 java.base@21.0.5
j  jdk.internal.module.ModuleBootstrap.boot()Ljava/lang/ModuleLayer;+64 java.base@21.0.5
j  java.lang.System.initPhase2(ZZ)I+0 java.base@21.0.5
v  ~StubRoutines::call_stub 0x000002c4d0e0100d
new  187 new  [0x000002c4d0e23ea0, 0x000002c4d0e24160]  704 bytes
[MachCode]
  0x000002c4d0e23ea0: 4883 ec08 | c5fa 1104 | 24eb 1f48 | 83ec 10c5 | fb11 0424 | eb14 4883 | ec10 4889 | 0424 48c7 
  0x000002c4d0e23ec0: 4424 0800 | 0000 00eb | 0150 410f | b755 010f | cac1 ea10 | 488b 4de8 | 488b 4908 | 488b 4908 
  0x000002c4d0e23ee0: 488b 4108 | 807c 1004 | 070f 85d3 | 0000 0066 | 8b54 d148 | 488b 4928 | 488b 4cd1 | 0851 80b9 
  0x000002c4d0e23f00: 2101 0000 | 040f 85b6 | 0000 008b | 5108 f6c2 | 010f 85aa | 0000 0049 | 8b87 b801 | 0000 488d 
  0x000002c4d0e23f20: 1c10 493b | 9fc8 0100 | 000f 8792 | 0000 0049 | 899f b801 | 0000 4883 | ea10 0f84 | 0f00 0000 
  0x000002c4d0e23f40: 33c9 c1ea | 0348 894c | d008 48ff | ca75 f648 | c700 0100 | 0000 5933 | f689 700c | 49ba 0000 
  0x000002c4d0e23f60: 0000 0800 | 0000 492b | ca89 4808 | 49ba e137 | 394a fa7f | 0000 4180 | 3a00 0f84 | 3c00 0000 
  0x000002c4d0e23f80: 5048 8bc8 | 4883 ec20 | 40f6 c40f | 0f84 1900 | 0000 4883 | ec08 48b8 | 7001 ea49 | fa7f 0000 
  0x000002c4d0e23fa0: ffd0 4883 | c408 e90c | 0000 0048 | b870 01ea | 49fa 7f00 | 00ff d048 | 83c4 2058 | e982 0100 
  0x000002c4d0e23fc0: 0059 488b | 55e8 488b | 5208 488b | 5208 450f | b745 0141 | 0fc8 41c1 | e810 e805 | 0000 00e9 
  0x000002c4d0e23fe0: 5f01 0000 | 488d 4424 | 084c 896d | c049 8bcf | c5f8 7749 | 89af a803 | 0000 4989 | 8798 0300 
  0x000002c4d0e24000: 0048 83ec | 2040 f6c4 | 0f0f 8419 | 0000 0048 | 83ec 0848 | b890 27b4 | 49fa 7f00 | 00ff d048 
  0x000002c4d0e24020: 83c4 08e9 | 0c00 0000 | 48b8 9027 | b449 fa7f | 0000 ffd0 | 4883 c420 | 49c7 8798 | 0300 0000 
  0x000002c4d0e24040: 0000 0049 | c787 a803 | 0000 0000 | 0000 49c7 | 87a0 0300 | 0000 0000 | 00c5 f877 | 418b 8f24 
  0x000002c4d0e24060: 0500 00f6 | c101 0f84 | 4200 0000 | f6c1 020f | 8539 0000 | 0048 83ec | 2040 f6c4 | 0f0f 8419 
  0x000002c4d0e24080: 0000 0048 | 83ec 0848 | b8c0 04b4 | 49fa 7f00 | 00ff d048 | 83c4 08e9 | 0c00 0000 | 48b8 c004 
  0x000002c4d0e240a0: b449 fa7f | 0000 ffd0 | 4883 c420 | ffe0 498b | 8fd0 0500 | 0048 85c9 | 0f84 5500 | 0000 8b89 
  0x000002c4d0e240c0: 9c00 0000 | 83f9 010f | 8546 0000 | 0049 8b8f | d005 0000 | 8b89 a000 | 0000 4883 | ec20 40f6 
  0x000002c4d0e240e0: c40f 0f84 | 1900 0000 | 4883 ec08 | 48b8 b004 | b449 fa7f | 0000 ffd0 | 4883 c408 | e90c 0000 
  0x000002c4d0e24100: 0048 b8b0 | 04b4 49fa | 7f00 00ff | d048 83c4 | 20ff e049 | 837f 0800 | 0f84 0500 | 0000 e9dd 
  0x000002c4d0e24120: cdfd ff49 | 8b87 f003 | 0000 49c7 | 87f0 0300 | 0000 0000 | 004c 8b6d | c04c 8b75 | c84e 8d74 
  0x000002c4d0e24140: f500 c341 | 0fb6 5d03 | 4983 c503 | 49ba 10fc | 3b4a fa7f | 0000 41ff | 24da 660f | 1f44 0000 
[/MachCode]

---------------  P R O C E S S  ---------------

Threads class SMR info:
_java_thread_list=0x000002c484288a30, length=9, elements={
0x000002c4c6736c50, 0x000002c4840903d0, 0x000002c4840cc410, 0x000002c4840b1fa0,
0x000002c4840b4b80, 0x000002c4840b55d0, 0x000002c4840b6020, 0x000002c4840e5f80,
0x000002c4db621890
}

Java Threads: ( => current thread )
=>0x000002c4c6736c50 JavaThread "main"                              [_thread_in_vm, id=18812, stack(0x000000eb49e00000,0x000000eb49f00000) (1024K)]
  0x000002c4840903d0 JavaThread "Reference Handler"          daemon [_thread_blocked, id=13172, stack(0x000000eb4a600000,0x000000eb4a700000) (1024K)]
  0x000002c4840cc410 JavaThread "Finalizer"                  daemon [_thread_blocked, id=7316, stack(0x000000eb4a700000,0x000000eb4a800000) (1024K)]
  0x000002c4840b1fa0 JavaThread "Signal Dispatcher"          daemon [_thread_blocked, id=17436, stack(0x000000eb4a800000,0x000000eb4a900000) (1024K)]
  0x000002c4840b4b80 JavaThread "Attach Listener"            daemon [_thread_blocked, id=13048, stack(0x000000eb4a900000,0x000000eb4aa00000) (1024K)]
  0x000002c4840b55d0 JavaThread "Service Thread"             daemon [_thread_blocked, id=16324, stack(0x000000eb4aa00000,0x000000eb4ab00000) (1024K)]
  0x000002c4840b6020 JavaThread "Monitor Deflation Thread"   daemon [_thread_blocked, id=1988, stack(0x000000eb4ab00000,0x000000eb4ac00000) (1024K)]
  0x000002c4840e5f80 JavaThread "C1 CompilerThread0"         daemon [_thread_blocked, id=6700, stack(0x000000eb4ac00000,0x000000eb4ad00000) (1024K)]
  0x000002c4db621890 JavaThread "Common-Cleaner"             daemon [_thread_blocked, id=18080, stack(0x000000eb4ad00000,0x000000eb4ae00000) (1024K)]
Total: 9

Other Threads:
  0x000002c4db64e950 VMThread "VM Thread"                           [id=8552, stack(0x000000eb4a500000,0x000000eb4a600000) (1024K)]
  0x000002c4db620cb0 WatcherThread "VM Periodic Task Thread"        [id=16380, stack(0x000000eb4a400000,0x000000eb4a500000) (1024K)]
  0x000002c4c89fe030 WorkerThread "GC Thread#0"                     [id=10432, stack(0x000000eb49f00000,0x000000eb4a000000) (1024K)]
  0x000002c4c8a0efc0 ConcurrentGCThread "G1 Main Marker"            [id=8700, stack(0x000000eb4a000000,0x000000eb4a100000) (1024K)]
  0x000002c4c8a0fac0 WorkerThread "G1 Conc#0"                       [id=17440, stack(0x000000eb4a100000,0x000000eb4a200000) (1024K)]
  0x000002c4c8a3e750 ConcurrentGCThread "G1 Refine#0"               [id=3824, stack(0x000000eb4a200000,0x000000eb4a300000) (1024K)]
  0x000002c4db4f5870 ConcurrentGCThread "G1 Service"                [id=15576, stack(0x000000eb4a300000,0x000000eb4a400000) (1024K)]
Total: 7

Threads with active compile tasks:
Total: 0

VM state: not at safepoint (normal execution)

VM Mutex/Monitor currently owned by a thread:  ([mutex/lock_event])
[0x00007ffa4a3a9e18] Metaspace_lock - owner thread: 0x000002c4c6736c50

Heap address: 0x0000000702000000, size: 4064 MB, Compressed Oops mode: Zero based, Oop shift amount: 3

CDS archive(s) not mapped
Compressed class space mapped at: 0x0000000800000000-0x0000000840000000, reserved size: 1073741824
Narrow klass base: 0x0000000800000000, Narrow klass shift: 0, Narrow klass range: 0x40000000

GC Precious Log:
 CardTable entry size: 512
 Card Set container configuration: InlinePtr #cards 4 size 8 Array Of Cards #cards 16 size 48 Howl #buckets 8 coarsen threshold 3686 Howl Bitmap #cards 512 size 80 coarsen threshold 460 Card regions per heap region 1 cards per card region 4096
 CPUs: 8 total, 8 available
 Memory: 16253M
 Large Page Support: Disabled
 NUMA Support: Disabled
 Compressed Oops: Enabled (Zero based)
 Heap Region Size: 2M
 Heap Min Capacity: 8M
 Heap Initial Capacity: 254M
 Heap Max Capacity: 4064M
 Pre-touch: Disabled
 Parallel Workers: 8
 Concurrent Workers: 2
 Concurrent Refinement Workers: 8
 Periodic GC: Disabled

Heap:
 garbage-first heap   total 260096K, used 2048K [0x0000000702000000, 0x0000000800000000)
  region size 2048K, 2 young (4096K), 0 survivors (0K)
 Metaspace       used 5483K, committed 5632K, reserved 1114112K
  class space    used 425K, committed 512K, reserved 1048576K

Heap Regions: E=young(eden), S=young(survivor), O=old, HS=humongous(starts), HC=humongous(continues), CS=collection set, F=free, TAMS=top-at-mark-start, PB=parsable bottom
|   0|0x0000000702000000, 0x0000000702000000, 0x0000000702200000|  0%| F|  |TAMS 0x0000000702000000| PB 0x0000000702000000| Untracked 
|   1|0x0000000702200000, 0x0000000702200000, 0x0000000702400000|  0%| F|  |TAMS 0x0000000702200000| PB 0x0000000702200000| Untracked 
|   2|0x0000000702400000, 0x0000000702400000, 0x0000000702600000|  0%| F|  |TAMS 0x0000000702400000| PB 0x0000000702400000| Untracked 
|   3|0x0000000702600000, 0x0000000702600000, 0x0000000702800000|  0%| F|  |TAMS 0x0000000702600000| PB 0x0000000702600000| Untracked 
|   4|0x0000000702800000, 0x0000000702800000, 0x0000000702a00000|  0%| F|  |TAMS 0x0000000702800000| PB 0x0000000702800000| Untracked 
|   5|0x0000000702a00000, 0x0000000702a00000, 0x0000000702c00000|  0%| F|  |TAMS 0x0000000702a00000| PB 0x0000000702a00000| Untracked 
|   6|0x0000000702c00000, 0x0000000702c00000, 0x0000000702e00000|  0%| F|  |TAMS 0x0000000702c00000| PB 0x0000000702c00000| Untracked 
|   7|0x0000000702e00000, 0x0000000702e00000, 0x0000000703000000|  0%| F|  |TAMS 0x0000000702e00000| PB 0x0000000702e00000| Untracked 
|   8|0x0000000703000000, 0x0000000703000000, 0x0000000703200000|  0%| F|  |TAMS 0x0000000703000000| PB 0x0000000703000000| Untracked 
|   9|0x0000000703200000, 0x0000000703200000, 0x0000000703400000|  0%| F|  |TAMS 0x0000000703200000| PB 0x0000000703200000| Untracked 
|  10|0x0000000703400000, 0x0000000703400000, 0x0000000703600000|  0%| F|  |TAMS 0x0000000703400000| PB 0x0000000703400000| Untracked 
|  11|0x0000000703600000, 0x0000000703600000, 0x0000000703800000|  0%| F|  |TAMS 0x0000000703600000| PB 0x0000000703600000| Untracked 
|  12|0x0000000703800000, 0x0000000703800000, 0x0000000703a00000|  0%| F|  |TAMS 0x0000000703800000| PB 0x0000000703800000| Untracked 
|  13|0x0000000703a00000, 0x0000000703a00000, 0x0000000703c00000|  0%| F|  |TAMS 0x0000000703a00000| PB 0x0000000703a00000| Untracked 
|  14|0x0000000703c00000, 0x0000000703c00000, 0x0000000703e00000|  0%| F|  |TAMS 0x0000000703c00000| PB 0x0000000703c00000| Untracked 
|  15|0x0000000703e00000, 0x0000000703e00000, 0x0000000704000000|  0%| F|  |TAMS 0x0000000703e00000| PB 0x0000000703e00000| Untracked 
|  16|0x0000000704000000, 0x0000000704000000, 0x0000000704200000|  0%| F|  |TAMS 0x0000000704000000| PB 0x0000000704000000| Untracked 
|  17|0x0000000704200000, 0x0000000704200000, 0x0000000704400000|  0%| F|  |TAMS 0x0000000704200000| PB 0x0000000704200000| Untracked 
|  18|0x0000000704400000, 0x0000000704400000, 0x0000000704600000|  0%| F|  |TAMS 0x0000000704400000| PB 0x0000000704400000| Untracked 
|  19|0x0000000704600000, 0x0000000704600000, 0x0000000704800000|  0%| F|  |TAMS 0x0000000704600000| PB 0x0000000704600000| Untracked 
|  20|0x0000000704800000, 0x0000000704800000, 0x0000000704a00000|  0%| F|  |TAMS 0x0000000704800000| PB 0x0000000704800000| Untracked 
|  21|0x0000000704a00000, 0x0000000704a00000, 0x0000000704c00000|  0%| F|  |TAMS 0x0000000704a00000| PB 0x0000000704a00000| Untracked 
|  22|0x0000000704c00000, 0x0000000704c00000, 0x0000000704e00000|  0%| F|  |TAMS 0x0000000704c00000| PB 0x0000000704c00000| Untracked 
|  23|0x0000000704e00000, 0x0000000704e00000, 0x0000000705000000|  0%| F|  |TAMS 0x0000000704e00000| PB 0x0000000704e00000| Untracked 
|  24|0x0000000705000000, 0x0000000705000000, 0x0000000705200000|  0%| F|  |TAMS 0x0000000705000000| PB 0x0000000705000000| Untracked 
|  25|0x0000000705200000, 0x0000000705200000, 0x0000000705400000|  0%| F|  |TAMS 0x0000000705200000| PB 0x0000000705200000| Untracked 
|  26|0x0000000705400000, 0x0000000705400000, 0x0000000705600000|  0%| F|  |TAMS 0x0000000705400000| PB 0x0000000705400000| Untracked 
|  27|0x0000000705600000, 0x0000000705600000, 0x0000000705800000|  0%| F|  |TAMS 0x0000000705600000| PB 0x0000000705600000| Untracked 
|  28|0x0000000705800000, 0x0000000705800000, 0x0000000705a00000|  0%| F|  |TAMS 0x0000000705800000| PB 0x0000000705800000| Untracked 
|  29|0x0000000705a00000, 0x0000000705a00000, 0x0000000705c00000|  0%| F|  |TAMS 0x0000000705a00000| PB 0x0000000705a00000| Untracked 
|  30|0x0000000705c00000, 0x0000000705c00000, 0x0000000705e00000|  0%| F|  |TAMS 0x0000000705c00000| PB 0x0000000705c00000| Untracked 
|  31|0x0000000705e00000, 0x0000000705e00000, 0x0000000706000000|  0%| F|  |TAMS 0x0000000705e00000| PB 0x0000000705e00000| Untracked 
|  32|0x0000000706000000, 0x0000000706000000, 0x0000000706200000|  0%| F|  |TAMS 0x0000000706000000| PB 0x0000000706000000| Untracked 
|  33|0x0000000706200000, 0x0000000706200000, 0x0000000706400000|  0%| F|  |TAMS 0x0000000706200000| PB 0x0000000706200000| Untracked 
|  34|0x0000000706400000, 0x0000000706400000, 0x0000000706600000|  0%| F|  |TAMS 0x0000000706400000| PB 0x0000000706400000| Untracked 
|  35|0x0000000706600000, 0x0000000706600000, 0x0000000706800000|  0%| F|  |TAMS 0x0000000706600000| PB 0x0000000706600000| Untracked 
|  36|0x0000000706800000, 0x0000000706800000, 0x0000000706a00000|  0%| F|  |TAMS 0x0000000706800000| PB 0x0000000706800000| Untracked 
|  37|0x0000000706a00000, 0x0000000706a00000, 0x0000000706c00000|  0%| F|  |TAMS 0x0000000706a00000| PB 0x0000000706a00000| Untracked 
|  38|0x0000000706c00000, 0x0000000706c00000, 0x0000000706e00000|  0%| F|  |TAMS 0x0000000706c00000| PB 0x0000000706c00000| Untracked 
|  39|0x0000000706e00000, 0x0000000706e00000, 0x0000000707000000|  0%| F|  |TAMS 0x0000000706e00000| PB 0x0000000706e00000| Untracked 
|  40|0x0000000707000000, 0x0000000707000000, 0x0000000707200000|  0%| F|  |TAMS 0x0000000707000000| PB 0x0000000707000000| Untracked 
|  41|0x0000000707200000, 0x0000000707200000, 0x0000000707400000|  0%| F|  |TAMS 0x0000000707200000| PB 0x0000000707200000| Untracked 
|  42|0x0000000707400000, 0x0000000707400000, 0x0000000707600000|  0%| F|  |TAMS 0x0000000707400000| PB 0x0000000707400000| Untracked 
|  43|0x0000000707600000, 0x0000000707600000, 0x0000000707800000|  0%| F|  |TAMS 0x0000000707600000| PB 0x0000000707600000| Untracked 
|  44|0x0000000707800000, 0x0000000707800000, 0x0000000707a00000|  0%| F|  |TAMS 0x0000000707800000| PB 0x0000000707800000| Untracked 
|  45|0x0000000707a00000, 0x0000000707a00000, 0x0000000707c00000|  0%| F|  |TAMS 0x0000000707a00000| PB 0x0000000707a00000| Untracked 
|  46|0x0000000707c00000, 0x0000000707c00000, 0x0000000707e00000|  0%| F|  |TAMS 0x0000000707c00000| PB 0x0000000707c00000| Untracked 
|  47|0x0000000707e00000, 0x0000000707e00000, 0x0000000708000000|  0%| F|  |TAMS 0x0000000707e00000| PB 0x0000000707e00000| Untracked 
|  48|0x0000000708000000, 0x0000000708000000, 0x0000000708200000|  0%| F|  |TAMS 0x0000000708000000| PB 0x0000000708000000| Untracked 
|  49|0x0000000708200000, 0x0000000708200000, 0x0000000708400000|  0%| F|  |TAMS 0x0000000708200000| PB 0x0000000708200000| Untracked 
|  50|0x0000000708400000, 0x0000000708400000, 0x0000000708600000|  0%| F|  |TAMS 0x0000000708400000| PB 0x0000000708400000| Untracked 
|  51|0x0000000708600000, 0x0000000708600000, 0x0000000708800000|  0%| F|  |TAMS 0x0000000708600000| PB 0x0000000708600000| Untracked 
|  52|0x0000000708800000, 0x0000000708800000, 0x0000000708a00000|  0%| F|  |TAMS 0x0000000708800000| PB 0x0000000708800000| Untracked 
|  53|0x0000000708a00000, 0x0000000708a00000, 0x0000000708c00000|  0%| F|  |TAMS 0x0000000708a00000| PB 0x0000000708a00000| Untracked 
|  54|0x0000000708c00000, 0x0000000708c00000, 0x0000000708e00000|  0%| F|  |TAMS 0x0000000708c00000| PB 0x0000000708c00000| Untracked 
|  55|0x0000000708e00000, 0x0000000708e00000, 0x0000000709000000|  0%| F|  |TAMS 0x0000000708e00000| PB 0x0000000708e00000| Untracked 
|  56|0x0000000709000000, 0x0000000709000000, 0x0000000709200000|  0%| F|  |TAMS 0x0000000709000000| PB 0x0000000709000000| Untracked 
|  57|0x0000000709200000, 0x0000000709200000, 0x0000000709400000|  0%| F|  |TAMS 0x0000000709200000| PB 0x0000000709200000| Untracked 
|  58|0x0000000709400000, 0x0000000709400000, 0x0000000709600000|  0%| F|  |TAMS 0x0000000709400000| PB 0x0000000709400000| Untracked 
|  59|0x0000000709600000, 0x0000000709600000, 0x0000000709800000|  0%| F|  |TAMS 0x0000000709600000| PB 0x0000000709600000| Untracked 
|  60|0x0000000709800000, 0x0000000709800000, 0x0000000709a00000|  0%| F|  |TAMS 0x0000000709800000| PB 0x0000000709800000| Untracked 
|  61|0x0000000709a00000, 0x0000000709a00000, 0x0000000709c00000|  0%| F|  |TAMS 0x0000000709a00000| PB 0x0000000709a00000| Untracked 
|  62|0x0000000709c00000, 0x0000000709c00000, 0x0000000709e00000|  0%| F|  |TAMS 0x0000000709c00000| PB 0x0000000709c00000| Untracked 
|  63|0x0000000709e00000, 0x0000000709e00000, 0x000000070a000000|  0%| F|  |TAMS 0x0000000709e00000| PB 0x0000000709e00000| Untracked 
|  64|0x000000070a000000, 0x000000070a000000, 0x000000070a200000|  0%| F|  |TAMS 0x000000070a000000| PB 0x000000070a000000| Untracked 
|  65|0x000000070a200000, 0x000000070a200000, 0x000000070a400000|  0%| F|  |TAMS 0x000000070a200000| PB 0x000000070a200000| Untracked 
|  66|0x000000070a400000, 0x000000070a400000, 0x000000070a600000|  0%| F|  |TAMS 0x000000070a400000| PB 0x000000070a400000| Untracked 
|  67|0x000000070a600000, 0x000000070a600000, 0x000000070a800000|  0%| F|  |TAMS 0x000000070a600000| PB 0x000000070a600000| Untracked 
|  68|0x000000070a800000, 0x000000070a800000, 0x000000070aa00000|  0%| F|  |TAMS 0x000000070a800000| PB 0x000000070a800000| Untracked 
|  69|0x000000070aa00000, 0x000000070aa00000, 0x000000070ac00000|  0%| F|  |TAMS 0x000000070aa00000| PB 0x000000070aa00000| Untracked 
|  70|0x000000070ac00000, 0x000000070ac00000, 0x000000070ae00000|  0%| F|  |TAMS 0x000000070ac00000| PB 0x000000070ac00000| Untracked 
|  71|0x000000070ae00000, 0x000000070ae00000, 0x000000070b000000|  0%| F|  |TAMS 0x000000070ae00000| PB 0x000000070ae00000| Untracked 
|  72|0x000000070b000000, 0x000000070b000000, 0x000000070b200000|  0%| F|  |TAMS 0x000000070b000000| PB 0x000000070b000000| Untracked 
|  73|0x000000070b200000, 0x000000070b200000, 0x000000070b400000|  0%| F|  |TAMS 0x000000070b200000| PB 0x000000070b200000| Untracked 
|  74|0x000000070b400000, 0x000000070b400000, 0x000000070b600000|  0%| F|  |TAMS 0x000000070b400000| PB 0x000000070b400000| Untracked 
|  75|0x000000070b600000, 0x000000070b600000, 0x000000070b800000|  0%| F|  |TAMS 0x000000070b600000| PB 0x000000070b600000| Untracked 
|  76|0x000000070b800000, 0x000000070b800000, 0x000000070ba00000|  0%| F|  |TAMS 0x000000070b800000| PB 0x000000070b800000| Untracked 
|  77|0x000000070ba00000, 0x000000070ba00000, 0x000000070bc00000|  0%| F|  |TAMS 0x000000070ba00000| PB 0x000000070ba00000| Untracked 
|  78|0x000000070bc00000, 0x000000070bc00000, 0x000000070be00000|  0%| F|  |TAMS 0x000000070bc00000| PB 0x000000070bc00000| Untracked 
|  79|0x000000070be00000, 0x000000070be00000, 0x000000070c000000|  0%| F|  |TAMS 0x000000070be00000| PB 0x000000070be00000| Untracked 
|  80|0x000000070c000000, 0x000000070c000000, 0x000000070c200000|  0%| F|  |TAMS 0x000000070c000000| PB 0x000000070c000000| Untracked 
|  81|0x000000070c200000, 0x000000070c200000, 0x000000070c400000|  0%| F|  |TAMS 0x000000070c200000| PB 0x000000070c200000| Untracked 
|  82|0x000000070c400000, 0x000000070c400000, 0x000000070c600000|  0%| F|  |TAMS 0x000000070c400000| PB 0x000000070c400000| Untracked 
|  83|0x000000070c600000, 0x000000070c600000, 0x000000070c800000|  0%| F|  |TAMS 0x000000070c600000| PB 0x000000070c600000| Untracked 
|  84|0x000000070c800000, 0x000000070c800000, 0x000000070ca00000|  0%| F|  |TAMS 0x000000070c800000| PB 0x000000070c800000| Untracked 
|  85|0x000000070ca00000, 0x000000070ca00000, 0x000000070cc00000|  0%| F|  |TAMS 0x000000070ca00000| PB 0x000000070ca00000| Untracked 
|  86|0x000000070cc00000, 0x000000070cc00000, 0x000000070ce00000|  0%| F|  |TAMS 0x000000070cc00000| PB 0x000000070cc00000| Untracked 
|  87|0x000000070ce00000, 0x000000070ce00000, 0x000000070d000000|  0%| F|  |TAMS 0x000000070ce00000| PB 0x000000070ce00000| Untracked 
|  88|0x000000070d000000, 0x000000070d000000, 0x000000070d200000|  0%| F|  |TAMS 0x000000070d000000| PB 0x000000070d000000| Untracked 
|  89|0x000000070d200000, 0x000000070d200000, 0x000000070d400000|  0%| F|  |TAMS 0x000000070d200000| PB 0x000000070d200000| Untracked 
|  90|0x000000070d400000, 0x000000070d400000, 0x000000070d600000|  0%| F|  |TAMS 0x000000070d400000| PB 0x000000070d400000| Untracked 
|  91|0x000000070d600000, 0x000000070d600000, 0x000000070d800000|  0%| F|  |TAMS 0x000000070d600000| PB 0x000000070d600000| Untracked 
|  92|0x000000070d800000, 0x000000070d800000, 0x000000070da00000|  0%| F|  |TAMS 0x000000070d800000| PB 0x000000070d800000| Untracked 
|  93|0x000000070da00000, 0x000000070da00000, 0x000000070dc00000|  0%| F|  |TAMS 0x000000070da00000| PB 0x000000070da00000| Untracked 
|  94|0x000000070dc00000, 0x000000070dc00000, 0x000000070de00000|  0%| F|  |TAMS 0x000000070dc00000| PB 0x000000070dc00000| Untracked 
|  95|0x000000070de00000, 0x000000070de00000, 0x000000070e000000|  0%| F|  |TAMS 0x000000070de00000| PB 0x000000070de00000| Untracked 
|  96|0x000000070e000000, 0x000000070e000000, 0x000000070e200000|  0%| F|  |TAMS 0x000000070e000000| PB 0x000000070e000000| Untracked 
|  97|0x000000070e200000, 0x000000070e200000, 0x000000070e400000|  0%| F|  |TAMS 0x000000070e200000| PB 0x000000070e200000| Untracked 
|  98|0x000000070e400000, 0x000000070e400000, 0x000000070e600000|  0%| F|  |TAMS 0x000000070e400000| PB 0x000000070e400000| Untracked 
|  99|0x000000070e600000, 0x000000070e600000, 0x000000070e800000|  0%| F|  |TAMS 0x000000070e600000| PB 0x000000070e600000| Untracked 
| 100|0x000000070e800000, 0x000000070e800000, 0x000000070ea00000|  0%| F|  |TAMS 0x000000070e800000| PB 0x000000070e800000| Untracked 
| 101|0x000000070ea00000, 0x000000070ea00000, 0x000000070ec00000|  0%| F|  |TAMS 0x000000070ea00000| PB 0x000000070ea00000| Untracked 
| 102|0x000000070ec00000, 0x000000070ec00000, 0x000000070ee00000|  0%| F|  |TAMS 0x000000070ec00000| PB 0x000000070ec00000| Untracked 
| 103|0x000000070ee00000, 0x000000070ee00000, 0x000000070f000000|  0%| F|  |TAMS 0x000000070ee00000| PB 0x000000070ee00000| Untracked 
| 104|0x000000070f000000, 0x000000070f000000, 0x000000070f200000|  0%| F|  |TAMS 0x000000070f000000| PB 0x000000070f000000| Untracked 
| 105|0x000000070f200000, 0x000000070f200000, 0x000000070f400000|  0%| F|  |TAMS 0x000000070f200000| PB 0x000000070f200000| Untracked 
| 106|0x000000070f400000, 0x000000070f400000, 0x000000070f600000|  0%| F|  |TAMS 0x000000070f400000| PB 0x000000070f400000| Untracked 
| 107|0x000000070f600000, 0x000000070f600000, 0x000000070f800000|  0%| F|  |TAMS 0x000000070f600000| PB 0x000000070f600000| Untracked 
| 108|0x000000070f800000, 0x000000070f800000, 0x000000070fa00000|  0%| F|  |TAMS 0x000000070f800000| PB 0x000000070f800000| Untracked 
| 109|0x000000070fa00000, 0x000000070fa00000, 0x000000070fc00000|  0%| F|  |TAMS 0x000000070fa00000| PB 0x000000070fa00000| Untracked 
| 110|0x000000070fc00000, 0x000000070fc00000, 0x000000070fe00000|  0%| F|  |TAMS 0x000000070fc00000| PB 0x000000070fc00000| Untracked 
| 111|0x000000070fe00000, 0x000000070fe00000, 0x0000000710000000|  0%| F|  |TAMS 0x000000070fe00000| PB 0x000000070fe00000| Untracked 
| 112|0x0000000710000000, 0x0000000710000000, 0x0000000710200000|  0%| F|  |TAMS 0x0000000710000000| PB 0x0000000710000000| Untracked 
| 113|0x0000000710200000, 0x0000000710200000, 0x0000000710400000|  0%| F|  |TAMS 0x0000000710200000| PB 0x0000000710200000| Untracked 
| 114|0x0000000710400000, 0x0000000710400000, 0x0000000710600000|  0%| F|  |TAMS 0x0000000710400000| PB 0x0000000710400000| Untracked 
| 115|0x0000000710600000, 0x0000000710600000, 0x0000000710800000|  0%| F|  |TAMS 0x0000000710600000| PB 0x0000000710600000| Untracked 
| 116|0x0000000710800000, 0x0000000710800000, 0x0000000710a00000|  0%| F|  |TAMS 0x0000000710800000| PB 0x0000000710800000| Untracked 
| 117|0x0000000710a00000, 0x0000000710a00000, 0x0000000710c00000|  0%| F|  |TAMS 0x0000000710a00000| PB 0x0000000710a00000| Untracked 
| 118|0x0000000710c00000, 0x0000000710c00000, 0x0000000710e00000|  0%| F|  |TAMS 0x0000000710c00000| PB 0x0000000710c00000| Untracked 
| 119|0x0000000710e00000, 0x0000000710e00000, 0x0000000711000000|  0%| F|  |TAMS 0x0000000710e00000| PB 0x0000000710e00000| Untracked 
| 120|0x0000000711000000, 0x0000000711000000, 0x0000000711200000|  0%| F|  |TAMS 0x0000000711000000| PB 0x0000000711000000| Untracked 
| 121|0x0000000711200000, 0x0000000711200000, 0x0000000711400000|  0%| F|  |TAMS 0x0000000711200000| PB 0x0000000711200000| Untracked 
| 122|0x0000000711400000, 0x0000000711400000, 0x0000000711600000|  0%| F|  |TAMS 0x0000000711400000| PB 0x0000000711400000| Untracked 
| 123|0x0000000711600000, 0x0000000711600000, 0x0000000711800000|  0%| F|  |TAMS 0x0000000711600000| PB 0x0000000711600000| Untracked 
| 124|0x0000000711800000, 0x0000000711800000, 0x0000000711a00000|  0%| F|  |TAMS 0x0000000711800000| PB 0x0000000711800000| Untracked 
| 125|0x0000000711a00000, 0x0000000711ae1d58, 0x0000000711c00000| 44%| E|  |TAMS 0x0000000711a00000| PB 0x0000000711a00000| Complete 
| 126|0x0000000711c00000, 0x0000000711e00000, 0x0000000711e00000|100%| E|CS|TAMS 0x0000000711c00000| PB 0x0000000711c00000| Complete 

Card table byte_map: [0x000002c4d4700000,0x000002c4d4ef0000] _byte_map_base: 0x000002c4d0ef0000

Marking Bits: (CMBitMap*) 0x000002c4c89fe730
 Bits: [0x000002c4d4ef0000, 0x000002c4d8e70000)

Polling page: 0x000002c4c8140000

Metaspace:

Usage:
  Non-class:      4.94 MB used.
      Class:    425.51 KB used.
       Both:      5.36 MB used.

Virtual space:
  Non-class space:       64.00 MB reserved,       5.00 MB (  8%) committed,  1 nodes.
      Class space:        1.00 GB reserved,     512.00 KB ( <1%) committed,  1 nodes.
             Both:        1.06 GB reserved,       5.50 MB ( <1%) committed. 

Chunk freelists:
   Non-Class:  11.00 MB
       Class:  15.56 MB
        Both:  26.56 MB

MaxMetaspaceSize: unlimited
CompressedClassSpaceSize: 1.00 GB
Initial GC threshold: 21.00 MB
Current GC threshold: 21.00 MB
CDS: off
 - commit_granule_bytes: 65536.
 - commit_granule_words: 8192.
 - virtual_space_node_default_size: 8388608.
 - enlarge_chunks_in_place: 1.
 - use_allocation_guard: 0.


Internal statistics:

num_allocs_failed_limit: 0.
num_arena_births: 6.
num_arena_deaths: 0.
num_vsnodes_births: 2.
num_vsnodes_deaths: 0.
num_space_committed: 88.
num_space_uncommitted: 0.
num_chunks_returned_to_freelist: 0.
num_chunks_taken_from_freelist: 10.
num_chunk_merges: 0.
num_chunk_splits: 6.
num_chunks_enlarged: 2.
num_inconsistent_stats: 0.

CodeCache: size=49152Kb used=1430Kb max_used=1430Kb free=47721Kb
 bounds [0x000002c4d0e00000, 0x000002c4d1070000, 0x000002c4d3e00000]
 total_blobs=505 nmethods=164 adapters=266
 compilation: enabled
              stopped_count=0, restarted_count=0
 full_count=0

Compilation events (20 events):
Event: 0.243 Thread 0x000002c4840e5f80 nmethod 151 0x000002c4d0f61290 code [0x000002c4d0f614a0, 0x000002c4d0f61880]
Event: 0.243 Thread 0x000002c4840e5f80  152       1       jdk.internal.org.objectweb.asm.SymbolTable$Entry::<init> (17 bytes)
Event: 0.243 Thread 0x000002c4840e5f80 nmethod 152 0x000002c4d0f61b90 code [0x000002c4d0f61d20, 0x000002c4d0f61e58]
Event: 0.243 Thread 0x000002c4840e5f80  153       1       jdk.internal.org.objectweb.asm.ByteVector::putByte (39 bytes)
Event: 0.243 Thread 0x000002c4840e5f80 nmethod 153 0x000002c4d0f61f10 code [0x000002c4d0f620c0, 0x000002c4d0f62228]
Event: 0.243 Thread 0x000002c4840e5f80  154       1       java.util.HashMap::hash (20 bytes)
Event: 0.243 Thread 0x000002c4840e5f80 nmethod 154 0x000002c4d0f62310 code [0x000002c4d0f624a0, 0x000002c4d0f62598]
Event: 0.244 Thread 0x000002c4840e5f80  155       1       java.util.stream.FindOps$FindSink::cancellationRequested (5 bytes)
Event: 0.244 Thread 0x000002c4840e5f80 nmethod 155 0x000002c4d0f62610 code [0x000002c4d0f627a0, 0x000002c4d0f62870]
Event: 0.244 Thread 0x000002c4840e5f80  156       1       java.util.Spliterators$IteratorSpliterator::characteristics (5 bytes)
Event: 0.244 Thread 0x000002c4840e5f80 nmethod 156 0x000002c4d0f62910 code [0x000002c4d0f62aa0, 0x000002c4d0f62b68]
Event: 0.245 Thread 0x000002c4840e5f80  157       1       java.util.HashMap::putVal (300 bytes)
Event: 0.246 Thread 0x000002c4840e5f80 nmethod 157 0x000002c4d0f62c10 code [0x000002c4d0f62e40, 0x000002c4d0f637e8]
Event: 0.246 Thread 0x000002c4840e5f80  162       1       java.util.ImmutableCollections$MapN::probe (60 bytes)
Event: 0.246 Thread 0x000002c4840e5f80 nmethod 162 0x000002c4d0f63d90 code [0x000002c4d0f63f60, 0x000002c4d0f641c8]
Event: 0.246 Thread 0x000002c4840e5f80  158       1       java.util.HashMap::newNode (13 bytes)
Event: 0.246 Thread 0x000002c4840e5f80 nmethod 158 0x000002c4d0f64390 code [0x000002c4d0f64520, 0x000002c4d0f64780]
Event: 0.246 Thread 0x000002c4840e5f80  159       1       java.util.HashMap$Node::<init> (26 bytes)
Event: 0.246 Thread 0x000002c4840e5f80 nmethod 159 0x000002c4d0f64810 code [0x000002c4d0f649a0, 0x000002c4d0f64b90]
Event: 0.246 Thread 0x000002c4840e5f80  160       1       java.util.HashMap::afterNodeInsertion (1 bytes)

GC Heap History (0 events):
No events

Dll operation events (1 events):
Event: 0.008 Loaded shared library F:\Java\jdk-21\bin\java.dll

Deoptimization events (0 events):
No events

Classes loaded (20 events):
Event: 0.242 Loading class java/util/stream/FindOps$FindSink$OfRef done
Event: 0.242 Loading class java/util/stream/FindOps$FindOp
Event: 0.242 Loading class java/util/stream/FindOps$FindOp done
Event: 0.244 Loading class java/lang/module/Configuration
Event: 0.244 Loading class java/lang/module/Configuration done
Event: 0.244 Loading class java/lang/module/Resolver
Event: 0.245 Loading class java/lang/module/Resolver done
Event: 0.245 Loading class java/nio/file/Path
Event: 0.245 Loading class java/nio/file/Watchable
Event: 0.245 Loading class java/nio/file/Watchable done
Event: 0.245 Loading class java/nio/file/Path done
Event: 0.245 Loading class java/lang/module/ModuleFinder$1
Event: 0.245 Loading class java/lang/module/ModuleFinder$1 done
Event: 0.245 Loading class java/util/ImmutableCollections$ListItr
Event: 0.245 Loading class java/util/ListIterator
Event: 0.245 Loading class java/util/ListIterator done
Event: 0.245 Loading class java/util/ImmutableCollections$ListItr done
Event: 0.246 Loading class java/lang/ModuleLayer
Event: 0.246 Loading class java/lang/ModuleLayer done
Event: 0.246 Loading class java/util/HashMap$Values

Classes unloaded (0 events):
No events

Classes redefined (0 events):
No events

Internal exceptions (0 events):
No events

ZGC Phase Switch (0 events):
No events

VM Operations (0 events):
No events

Events (9 events):
Event: 0.015 Thread 0x000002c4c6736c50 Thread added: 0x000002c4c6736c50
Event: 0.106 Thread 0x000002c4840903d0 Thread added: 0x000002c4840903d0
Event: 0.106 Thread 0x000002c4840cc410 Thread added: 0x000002c4840cc410
Event: 0.108 Thread 0x000002c4840b1fa0 Thread added: 0x000002c4840b1fa0
Event: 0.108 Thread 0x000002c4840b4b80 Thread added: 0x000002c4840b4b80
Event: 0.108 Thread 0x000002c4840b55d0 Thread added: 0x000002c4840b55d0
Event: 0.108 Thread 0x000002c4840b6020 Thread added: 0x000002c4840b6020
Event: 0.108 Thread 0x000002c4840e5f80 Thread added: 0x000002c4840e5f80
Event: 0.233 Thread 0x000002c4db621890 Thread added: 0x000002c4db621890


Dynamic libraries:
0x00007ff6ac820000 - 0x00007ff6ac830000 	F:\Java\jdk-21\bin\java.exe
0x00007ffa8b690000 - 0x00007ffa8b8a7000 	C:\WINDOWS\SYSTEM32\ntdll.dll
0x00007ffa89a60000 - 0x00007ffa89b24000 	C:\WINDOWS\System32\KERNEL32.DLL
0x00007ffa88f00000 - 0x00007ffa892d0000 	C:\WINDOWS\System32\KERNELBASE.dll
0x00007ffa88c20000 - 0x00007ffa88d31000 	C:\WINDOWS\System32\ucrtbase.dll
0x00007ffa6fec0000 - 0x00007ffa6fedb000 	F:\Java\jdk-21\bin\VCRUNTIME140.dll
0x00007ffa71ee0000 - 0x00007ffa71ef9000 	F:\Java\jdk-21\bin\jli.dll
0x00007ffa898a0000 - 0x00007ffa89951000 	C:\WINDOWS\System32\ADVAPI32.dll
0x00007ffa89710000 - 0x00007ffa897b7000 	C:\WINDOWS\System32\msvcrt.dll
0x00007ffa897f0000 - 0x00007ffa89897000 	C:\WINDOWS\System32\sechost.dll
0x00007ffa88940000 - 0x00007ffa88968000 	C:\WINDOWS\System32\bcrypt.dll
0x00007ffa8a440000 - 0x00007ffa8a554000 	C:\WINDOWS\System32\RPCRT4.dll
0x00007ffa8b260000 - 0x00007ffa8b40e000 	C:\WINDOWS\System32\USER32.dll
0x00007ffa6e5e0000 - 0x00007ffa6e872000 	C:\WINDOWS\WinSxS\amd64_microsoft.windows.common-controls_6595b64144ccf1df_6.0.22621.4830_none_270fe7d773858e80\COMCTL32.dll
0x00007ffa89350000 - 0x00007ffa89376000 	C:\WINDOWS\System32\win32u.dll
0x00007ffa897c0000 - 0x00007ffa897e9000 	C:\WINDOWS\System32\GDI32.dll
0x00007ffa88de0000 - 0x00007ffa88efb000 	C:\WINDOWS\System32\gdi32full.dll
0x00007ffa88d40000 - 0x00007ffa88dda000 	C:\WINDOWS\System32\msvcp_win.dll
0x00007ffa833a0000 - 0x00007ffa833aa000 	C:\WINDOWS\SYSTEM32\VERSION.dll
0x00007ffa8a560000 - 0x00007ffa8a591000 	C:\WINDOWS\System32\IMM32.DLL
0x00007ffa7b130000 - 0x00007ffa7b13c000 	F:\Java\jdk-21\bin\vcruntime140_1.dll
0x00007ffa580b0000 - 0x00007ffa5813e000 	F:\Java\jdk-21\bin\msvcp140.dll
0x00007ffa49770000 - 0x00007ffa4a488000 	F:\Java\jdk-21\bin\server\jvm.dll
0x00007ffa8b410000 - 0x00007ffa8b481000 	C:\WINDOWS\System32\WS2_32.dll
0x00007ffa88150000 - 0x00007ffa8819d000 	C:\WINDOWS\SYSTEM32\POWRPROF.dll
0x00007ffa80710000 - 0x00007ffa80744000 	C:\WINDOWS\SYSTEM32\WINMM.dll
0x00007ffa88100000 - 0x00007ffa88113000 	C:\WINDOWS\SYSTEM32\UMPDC.dll
0x00007ffa87940000 - 0x00007ffa87958000 	C:\WINDOWS\SYSTEM32\kernel.appcore.dll
0x00007ffa77220000 - 0x00007ffa7722a000 	F:\Java\jdk-21\bin\jimage.dll
0x00007ffa80210000 - 0x00007ffa80442000 	C:\WINDOWS\SYSTEM32\DBGHELP.DLL
0x00007ffa89380000 - 0x00007ffa89710000 	C:\WINDOWS\System32\combase.dll
0x00007ffa89960000 - 0x00007ffa89a37000 	C:\WINDOWS\System32\OLEAUT32.dll
0x00007ffa779e0000 - 0x00007ffa77a12000 	C:\WINDOWS\SYSTEM32\dbgcore.DLL
0x00007ffa892d0000 - 0x00007ffa8934b000 	C:\WINDOWS\System32\bcryptPrimitives.dll
0x00007ffa7bf20000 - 0x00007ffa7bf5c000 	F:\Java\jdk-21\bin\jdwp.dll
0x00007ffa6e070000 - 0x00007ffa6e08f000 	F:\Java\jdk-21\bin\java.dll
0x00007ffa89b30000 - 0x00007ffa8a3a8000 	C:\WINDOWS\System32\SHELL32.dll
0x00007ffa86840000 - 0x00007ffa87150000 	C:\WINDOWS\SYSTEM32\windows.storage.dll
0x00007ffa86700000 - 0x00007ffa8683f000 	C:\WINDOWS\SYSTEM32\wintypes.dll
0x00007ffa8b140000 - 0x00007ffa8b24a000 	C:\WINDOWS\System32\SHCORE.dll
0x00007ffa8a5a0000 - 0x00007ffa8a5fe000 	C:\WINDOWS\System32\shlwapi.dll
0x00007ffa88870000 - 0x00007ffa8889b000 	C:\WINDOWS\SYSTEM32\profapi.dll

dbghelp: loaded successfully - version: 4.0.5 - missing functions: none
symbol engine: initialized successfully - sym options: 0x614 - pdb path: .;F:\Java\jdk-21\bin;C:\WINDOWS\SYSTEM32;C:\WINDOWS\WinSxS\amd64_microsoft.windows.common-controls_6595b64144ccf1df_6.0.22621.4830_none_270fe7d773858e80;F:\Java\jdk-21\bin\server

VM Arguments:
jvm_args: -agentlib:jdwp=transport=dt_socket,address=127.0.0.1:63409,suspend=y,server=n -XX:TieredStopAtLevel=1 -Dspring.output.ansi.enabled=always -Dcom.sun.management.jmxremote -Dspring.jmx.enabled=true -Dspring.liveBeansView.mbeanDomain -Dspring.application.admin.enabled=true -Dmanagement.endpoints.jmx.exposure.include=* -Dfile.encoding=UTF-8 -Dsun.stdout.encoding=UTF-8 -Dsun.stderr.encoding=UTF-8 
java_command: com.atp.accounts.AccountsApplication
java_class_path (initial): F:\MainProject\MicroserviceBank\accounts\target\classes;F:\m2\org\springframework\boot\spring-boot-starter-actuator\3.4.1\spring-boot-starter-actuator-3.4.1.jar;F:\m2\org\springframework\boot\spring-boot-starter\3.4.1\spring-boot-starter-3.4.1.jar;F:\m2\org\springframework\boot\spring-boot-starter-logging\3.4.1\spring-boot-starter-logging-3.4.1.jar;F:\m2\ch\qos\logback\logback-classic\1.5.12\logback-classic-1.5.12.jar;F:\m2\ch\qos\logback\logback-core\1.5.12\logback-core-1.5.12.jar;F:\m2\org\apache\logging\log4j\log4j-to-slf4j\2.24.3\log4j-to-slf4j-2.24.3.jar;F:\m2\org\apache\logging\log4j\log4j-api\2.24.3\log4j-api-2.24.3.jar;F:\m2\org\slf4j\jul-to-slf4j\2.0.16\jul-to-slf4j-2.0.16.jar;F:\m2\jakarta\annotation\jakarta.annotation-api\2.1.1\jakarta.annotation-api-2.1.1.jar;F:\m2\org\yaml\snakeyaml\2.3\snakeyaml-2.3.jar;F:\m2\org\springframework\boot\spring-boot-actuator-autoconfigure\3.4.1\spring-boot-actuator-autoconfigure-3.4.1.jar;F:\m2\org\springframework\boot\spring-boot-actuator\3.4.1\spring-boot-actuator-3.4.1.jar;F:\m2\com\fasterxml\jackson\datatype\jackson-datatype-jsr310\2.18.2\jackson-datatype-jsr310-2.18.2.jar;F:\m2\io\micrometer\micrometer-observation\1.14.2\micrometer-observation-1.14.2.jar;F:\m2\io\micrometer\micrometer-commons\1.14.2\micrometer-commons-1.14.2.jar;F:\m2\io\micrometer\micrometer-jakarta9\1.14.2\micrometer-jakarta9-1.14.2.jar;F:\m2\io\micrometer\micrometer-core\1.14.2\micrometer-core-1.14.2.jar;F:\m2\org\hdrhistogram\HdrHistogram\2.2.2\HdrHistogram-2.2.2.jar;F:\m2\org\latencyutils\LatencyUtils\2.0.3\LatencyUtils-2.0.3.jar;F:\m2\org\springframework\cloud\spring-cloud-starter-bus-amqp\4.2.0\spring-cloud-starter-bus-amqp-4.2.0.jar;F:\m2\org\springframework\cloud\spring-cloud-starter-stream-rabbit\4.2.0\spring-cloud-starter-stream-rabbit-4.2.0.jar;F:\m2\org\springframework\cloud\spring-cloud-stream-binder-rabbit\4.2.0\spring-cloud-stream-binder-rabbit-4.2.0.jar;F:\m2\org\springframework\cloud\spring-cloud-stream-binder-rabbit-core\4.2.0\spring-cloud-stream-binder-rabbit-core-4.2.0.jar;F:\m2\org\springframework\boot\spring-boot-starter-webflux\3.4.1\spring-boot-starter-webflux-3.4.1.jar;F:\m2\org\springframework\boot\spring-boot-starter-reactor-netty\3.4.1\spring-boot-starter-reactor-netty-3.4.1.jar;F:\m2\org\springframework\spring-webflux\6.2.1\spring-webflux-6.2.1.jar;F:\m2\io\projectreactor\netty\reactor-netty\1.2.1\reactor-netty-1.2.1.jar;F:\m2\io\projectreactor\netty\reactor-netty-core\1.2.1\reactor-netty-core-1.2.1.jar;F:\m2\io\netty\netty-handler\4.1.116.Final\netty-handler-4.1.116.Final.jar;F:\m2\io\netty\netty-common\4.1.116.Final\netty-common-4.1.116.Final.jar;F:\m2\io\netty\netty-resolver\4.1.116.Final\netty-resolver-4.1.116.Final.jar;F:\m2\io\netty\netty-buffer\4.1.116.Final\netty-buffer-4.1.116.Final.jar;F:\m2\io\netty\netty-transport\4.1.116.Final\netty-transport-4.1.116.Final.jar;F:\m2\io\netty\netty-transport-native-unix-common\4.1.116.Final\netty-transport-native-unix-common-4.1.116.Final.jar;F:\m2\io\netty\netty-codec\4.1.116.Final\netty-codec-4.1.116.Final.jar;F:\m2\io\netty\netty-handler-proxy\4.1.116.Final\netty-handler-proxy-4.1.116.Final.jar;F:\m2\io\netty\netty-codec-socks\4.1.116.Final\netty-codec-socks-4.1.116.Final.jar;F:\m2\io\netty\netty-resolver-dns\4.1.116.Final\netty-resolver-dns-4.1.116.Final.jar;F:\m2\io\netty\netty-codec-dns\4.1.116.Final\netty-codec-dns-4.1.116.Final.jar;F:\m2\io\netty\netty-resolver-dns-native-macos\4.1.116.Final\netty-resolver-dns-native-macos-4.1.116.Final-osx-x86_64.jar;F:\m2\io\netty\netty-resolver-dns-classes-macos\4.1.116.Final\netty-resolver-dns-classes-macos-4.1.116.Final.jar;F:\m2\io\netty\netty-transport-native-epoll\4.1.116.Final\netty-transport-native-epoll-4.1.116.Final-linux-x86_64.jar;F:\m2\io\netty\netty-transport-classes-epoll\4.1.116.Final\netty-transport-classes-epoll-4.1.116.Final.jar;F:\m2\io\projectreactor\netty\reactor-netty-http\1.2.1\reactor-netty-http-1.2.1.jar;F:\m2\io\netty\netty-codec-http\4.1.116.Final\netty-codec-http-4.1.116.Final.jar;F:\m2\io\netty\netty-codec-http2\4.1.116.Final\netty-codec-http2-4.1.116.Final.jar;F:\m2\io\projectreactor\netty\incubator\reactor-netty-incubator-quic\0.2.1\reactor-netty-incubator-quic-0.2.1.jar;F:\m2\io\netty\incubator\netty-incubator-codec-native-quic\0.0.68.Final\netty-incubator-codec-native-quic-0.0.68.Final-linux-x86_64.jar;F:\m2\io\netty\incubator\netty-incubator-codec-classes-quic\0.0.68.Final\netty-incubator-codec-classes-quic-0.0.68.Final.jar;F:\m2\org\springframework\cloud\spring-cloud-stream\4.2.0\spring-cloud-stream-4.2.0.jar;F:\m2\org\springframework\cloud\spring-cloud-function-context\4.2.0\spring-cloud-function-context-4.2.0.jar;F:\m2\org\springframework\cloud\spring-cloud-function-core\4.2.0\spring-cloud-function-core-4.2.0.jar;F:\m2\org\springframework\boot\spring-boot-starter-amqp\3.4.1\spring-boot-starter-amqp-3.4.1.jar;F:\m2\org\springframework\amqp\spring-rabbit\3.2.1\spring-rabbit-3.2.1.jar;F:\m2\org\springframework\amqp\spring-amqp\3.2.1\spring-amqp-3.2.1.jar;F:\m2\com\rabbitmq\amqp-client\5.22.0\amqp-client-5.22.0.jar;F:\m2\org\springframework\integration\spring-integration-amqp\6.4.1\spring-integration-amqp-6.4.1.jar;F:\m2\org\springframework\integration\spring-integration-jmx\6.4.1\spring-integration-jmx-6.4.1.jar;F:\m2\org\springframework\cloud\spring-cloud-bus\4.2.0\spring-cloud-bus-4.2.0.jar;F:\m2\org\springframework\integration\spring-integration-core\6.4.1\spring-integration-core-6.4.1.jar;F:\m2\org\springframework\spring-messaging\6.2.1\spring-messaging-6.2.1.jar;F:\m2\org\springframework\retry\spring-retry\2.0.11\spring-retry-2.0.11.jar;F:\m2\io\projectreactor\reactor-core\3.7.1\reactor-core-3.7.1.jar;F:\m2\org\reactivestreams\reactive-streams\1.0.4\reactive-streams-1.0.4.jar;F:\m2\org\springframework\cloud\spring-cloud-starter-config\4.2.0\spring-cloud-starter-config-4.2.0.jar;F:\m2\org\springframework\cloud\spring-cloud-starter\4.2.0\spring-cloud-starter-4.2.0.jar;F:\m2\org\springframework\cloud\spring-cloud-context\4.2.0\spring-cloud-context-4.2.0.jar;F:\m2\org\bouncycastle\bcprov-jdk18on\1.78.1\bcprov-jdk18on-1.78.1.jar;F:\m2\org\springframework\cloud\spring-cloud-config-client\4.2.0\spring-cloud-config-client-4.2.0.jar;F:\m2\com\fasterxml\jackson\core\jackson-annotations\2.18.2\jackson-annotations-2.18.2.jar;F:\m2\org\apache\httpcomponents\client5\httpclient5\5.4.1\httpclient5-5.4.1.jar;F:\m2\org\apache\httpcomponents\core5\httpcore5\5.3.1\httpcore5-5.3.1.jar;F:\m2\org\apache\httpcomponents\core5\httpcore5-h2\5.3.1\httpcore5-h2-5.3.1.jar;F:\m2\com\fasterxml\jackson\core\jackson-databind\2.18.2\jackson-databind-2.18.2.jar;F:\m2\com\fasterxml\jackson\core\jackson-core\2.18.2\jackson-core-2.18.2.jar;F:\m2\org\springframework\boot\spring-boot-starter-validation\3.4.1\spring-boot-starter-validation-3.4.1.jar;F:\m2\org\apache\tomcat\embed\tomcat-embed-el\10.1.34\tomcat-embed-el-10.1.34.jar;F:\m2\org\hibernate\validator\hibernate-validator\8.0.2.Final\hibernate-validator-8.0.2.Final.jar;F:\m2\jakarta\validation\jakarta.validation-api\3.0.2\jakarta.validation-api-3.0.2.jar;F:\m2\org\jboss\logging\jboss-logging\3.6.1.Final\jboss-logging-3.6.1.Final.jar;F:\m2\com\fasterxml\classmate\1.7.0\classmate-1.7.0.jar;F:\m2\org\springframework\boot\spring-boot-starter-web\3.4.1\spring-boot-starter-web-3.4.1.jar;F:\m2\org\springframework\boot\spring-boot-starter-json\3.4.1\spring-boot-starter-json-3.4.1.jar;F:\m2\com\fasterxml\jackson\datatype\jackson-datatype-jdk8\2.18.2\jackson-datatype-jdk8-2.18.2.jar;F:\m2\com\fasterxml\jackson\module\jackson-module-parameter-names\2.18.2\jackson-module-parameter-names-2.18.2.jar;F:\m2\org\springframework\boot\spring-boot-starter-tomcat\3.4.1\spring-boot-starter-tomcat-3.4.1.jar;F:\m2\org\apache\tomcat\embed\tomcat-embed-core\10.1.34\tomcat-embed-core-10.1.34.jar;F:\m2\org\apache\tomcat\embed\tomcat-embed-websocket\10.1.34\tomcat-embed-websocket-10.1.34.jar;F:\m2\org\springframework\spring-webmvc\6.2.1\spring-webmvc-6.2.1.jar;F:\m2\org\springframework\spring-aop\6.2.1\spring-aop-6.2.1.jar;F:\m2\org\springframework\spring-context\6.2.1\spring-context-6.2.1.jar;F:\m2\org\springframework\spring-expression\6.2.1\spring-expression-6.2.1.jar;F:\m2\org\springframework\boot\spring-boot-starter-data-jpa\3.4.1\spring-boot-starter-data-jpa-3.4.1.jar;F:\m2\org\springframework\boot\spring-boot-starter-jdbc\3.4.1\spring-boot-starter-jdbc-3.4.1.jar;F:\m2\com\zaxxer\HikariCP\5.1.0\HikariCP-5.1.0.jar;F:\m2\org\springframework\spring-jdbc\6.2.1\spring-jdbc-6.2.1.jar;F:\m2\org\hibernate\orm\hibernate-core\6.6.4.Final\hibernate-core-6.6.4.Final.jar;F:\m2\jakarta\persistence\jakarta.persistence-api\3.1.0\jakarta.persistence-api-3.1.0.jar;F:\m2\jakarta\transaction\jakarta.transaction-api\2.0.1\jakarta.transaction-api-2.0.1.jar;F:\m2\org\hibernate\common\hibernate-commons-annotations\7.0.3.Final\hibernate-commons-annotations-7.0.3.Final.jar;F:\m2\io\smallrye\jandex\3.2.0\jandex-3.2.0.jar;F:\m2\net\bytebuddy\byte-buddy\1.15.11\byte-buddy-1.15.11.jar;F:\m2\org\glassfish\jaxb\jaxb-runtime\4.0.5\jaxb-runtime-4.0.5.jar;F:\m2\org\glassfish\jaxb\jaxb-core\4.0.5\jaxb-core-4.0.5.jar;F:\m2\org\eclipse\angus\angus-activation\2.0.2\angus-activation-2.0.2.jar;F:\m2\org\glassfish\jaxb\txw2\4.0.5\txw2-4.0.5.jar;F:\m2\com\sun\istack\istack-commons-runtime\4.1.2\istack-commons-runtime-4.1.2.jar;F:\m2\jakarta\inject\jakarta.inject-api\2.0.1\jakarta.inject-api-2.0.1.jar;F:\m2\org\antlr\antlr4-runtime\4.13.0\antlr4-runtime-4.13.0.jar;F:\m2\org\springframework\data\spring-data-jpa\3.4.1\spring-data-jpa-3.4.1.jar;F:\m2\org\springframework\data\spring-data-commons\3.4.1\spring-data-commons-3.4.1.jar;F:\m2\org\springframework\spring-orm\6.2.1\spring-orm-6.2.1.jar;F:\m2\org\springframework\spring-tx\6.2.1\spring-tx-6.2.1.jar;F:\m2\org\slf4j\slf4j-api\2.0.16\slf4j-api-2.0.16.jar;F:\m2\org\springframework\spring-aspects\6.2.1\spring-aspects-6.2.1.jar;F:\m2\org\aspectj\aspectjweaver\1.9.22.1\aspectjweaver-1.9.22.1.jar;F:\m2\org\springdoc\springdoc-openapi-starter-webmvc-ui\2.8.1\springdoc-openapi-starter-webmvc-ui-2.8.1.jar;F:\m2\org\springdoc\springdoc-openapi-starter-webmvc-api\2.8.1\springdoc-openapi-starter-webmvc-api-2.8.1.jar;F:\m2\org\springdoc\springdoc-openapi-starter-common\2.8.1\springdoc-openapi-starter-common-2.8.1.jar;F:\m2\io\swagger\core\v3\swagger-core-jakarta\2.2.27\swagger-core-jakarta-2.2.27.jar;F:\m2\org\apache\commons\commons-lang3\3.17.0\commons-lang3-3.17.0.jar;F:\m2\io\swagger\core\v3\swagger-annotations-jakarta\2.2.27\swagger-annotations-jakarta-2.2.27.jar;F:\m2\io\swagger\core\v3\swagger-models-jakarta\2.2.27\swagger-models-jakarta-2.2.27.jar;F:\m2\com\fasterxml\jackson\dataformat\jackson-dataformat-yaml\2.18.2\jackson-dataformat-yaml-2.18.2.jar;F:\m2\org\webjars\swagger-ui\5.18.2\swagger-ui-5.18.2.jar;F:\m2\org\webjars\webjars-locator-lite\1.0.1\webjars-locator-lite-1.0.1.jar;F:\m2\org\jspecify\jspecify\1.0.0\jspecify-1.0.0.jar;F:\m2\org\springframework\cloud\spring-cloud-starter-netflix-eureka-client\4.2.0\spring-cloud-starter-netflix-eureka-client-4.2.0.jar;F:\m2\org\springframework\cloud\spring-cloud-netflix-eureka-client\4.2.0\spring-cloud-netflix-eureka-client-4.2.0.jar;F:\m2\com\netflix\eureka\eureka-client\2.0.4\eureka-client-2.0.4.jar;F:\m2\com\thoughtworks\xstream\xstream\1.4.20\xstream-1.4.20.jar;F:\m2\io\github\x-stream\mxparser\1.2.2\mxparser-1.2.2.jar;F:\m2\xmlpull\xmlpull\1.1.3.1\xmlpull-1.1.3.1.jar;F:\m2\jakarta\ws\rs\jakarta.ws.rs-api\3.1.0\jakarta.ws.rs-api-3.1.0.jar;F:\m2\com\netflix\spectator\spectator-api\1.7.3\spectator-api-1.7.3.jar;F:\m2\org\apache\httpcomponents\httpclient\4.5.3\httpclient-4.5.3.jar;F:\m2\org\apache\httpcomponents\httpcore\4.4.16\httpcore-4.4.16.jar;F:\m2\commons-codec\commons-codec\1.17.1\commons-codec-1.17.1.jar;F:\m2\commons-configuration\commons-configuration\1.10\commons-configuration-1.10.jar;F:\m2\commons-lang\commons-lang\2.6\commons-lang-2.6.jar;F:\m2\com\netflix\netflix-commons\netflix-eventbus\0.3.0\netflix-eventbus-0.3.0.jar;F:\m2\com\netflix\netflix-commons\netflix-infix\0.3.0\netflix-infix-0.3.0.jar;F:\m2\commons-jxpath\commons-jxpath\1.3\commons-jxpath-1.3.jar;F:\m2\joda-time\joda-time\2.3\joda-time-2.3.jar;F:\m2\org\antlr\antlr-runtime\3.4\antlr-runtime-3.4.jar;F:\m2\org\antlr\stringtemplate\3.2.1\stringtemplate-3.2.1.jar;F:\m2\antlr\antlr\2.7.7\antlr-2.7.7.jar;F:\m2\com\google\guava\guava\33.3.1-jre\guava-33.3.1-jre.jar;F:\m2\com\google\guava\failureaccess\1.0.2\failureaccess-1.0.2.jar;F:\m2\com\google\guava\listenablefuture\9999.0-empty-to-avoid-conflict-with-guava\listenablefuture-9999.0-empty-to-avoid-conflict-with-guava.jar;F:\m2\org\checkerframework\checker-qual\3.43.0\checker-qual-3.43.0.jar;F:\m2\com\google\errorprone\error_prone_annotations\2.28.0\error_prone_annotations-2.28.0.jar;F:\m2\com\google\j2objc\j2objc-annotations\3.0.0\j2objc-annotations-3.0.0.jar;F:\m2\com\google\code\gson\gson\2.11.0\gson-2.11.0.jar;F:\m2\com\netflix\servo\servo-core\0.5.3\servo-core-0.5.3.jar;F:\m2\org\apache\commons\commons-math\2.2\commons-math-2.2.jar;F:\m2\javax\annotation\javax.annotation-api\1.2\javax.annotation-api-1.2.jar;F:\m2\org\codehaus\jettison\jettison\1.5.4\jettison-1.5.4.jar;F:\m2\org\springframework\cloud\spring-cloud-starter-loadbalancer\4.2.0\spring-cloud-starter-loadbalancer-4.2.0.jar;F:\m2\org\springframework\cloud\spring-cloud-loadbalancer\4.2.0\spring-cloud-loadbalancer-4.2.0.jar;F:\m2\io\projectreactor\addons\reactor-extra\3.5.2\reactor-extra-3.5.2.jar;F:\m2\org\springframework\boot\spring-boot-starter-cache\3.4.1\spring-boot-starter-cache-3.4.1.jar;F:\m2\org\springframework\spring-context-support\6.2.1\spring-context-support-6.2.1.jar;F:\m2\com\stoyanr\evictor\1.0.0\evictor-1.0.0.jar;F:\m2\org\springframework\cloud\spring-cloud-starter-openfeign\4.2.0\spring-cloud-starter-openfeign-4.2.0.jar;F:\m2\org\springframework\cloud\spring-cloud-openfeign-core\4.2.0\spring-cloud-openfeign-core-4.2.0.jar;F:\m2\io\github\openfeign\feign-form-spring\13.5\feign-form-spring-13.5.jar;F:\m2\io\github\openfeign\feign-form\13.5\feign-form-13.5.jar;F:\m2\commons-fileupload\commons-fileupload\1.5\commons-fileupload-1.5.jar;F:\m2\commons-io\commons-io\2.11.0\commons-io-2.11.0.jar;F:\m2\org\springframework\cloud\spring-cloud-commons\4.2.0\spring-cloud-commons-4.2.0.jar;F:\m2\org\springframework\security\spring-security-crypto\6.4.2\spring-security-crypto-6.4.2.jar;F:\m2\io\github\openfeign\feign-core\13.5\feign-core-13.5.jar;F:\m2\io\github\openfeign\feign-slf4j\13.5\feign-slf4j-13.5.jar;F:\m2\org\springframework\cloud\spring-cloud-starter-circuitbreaker-resilience4j\3.2.0\spring-cloud-starter-circuitbreaker-resilience4j-3.2.0.jar;F:\m2\org\springframework\cloud\spring-cloud-circuitbreaker-resilience4j\3.2.0\spring-cloud-circuitbreaker-resilience4j-3.2.0.jar;F:\m2\io\github\resilience4j\resilience4j-spring-boot3\2.2.0\resilience4j-spring-boot3-2.2.0.jar;F:\m2\io\github\resilience4j\resilience4j-spring6\2.2.0\resilience4j-spring6-2.2.0.jar;F:\m2\io\github\resilience4j\resilience4j-annotations\2.2.0\resilience4j-annotations-2.2.0.jar;F:\m2\io\github\resilience4j\resilience4j-consumer\2.2.0\resilience4j-consumer-2.2.0.jar;F:\m2\io\github\resilience4j\resilience4j-circularbuffer\2.2.0\resilience4j-circularbuffer-2.2.0.jar;F:\m2\io\github\resilience4j\resilience4j-framework-common\2.2.0\resilience4j-framework-common-2.2.0.jar;F:\m2\io\github\resilience4j\resilience4j-micrometer\2.2.0\resilience4j-micrometer-2.2.0.jar;F:\m2\io\github\resilience4j\resilience4j-retry\2.2.0\resilience4j-retry-2.2.0.jar;F:\m2\io\github\resilience4j\resilience4j-ratelimiter\2.2.0\resilience4j-ratelimiter-2.2.0.jar;F:\m2\org\springframework\boot\spring-boot-configuration-processor\3.4.1\spring-boot-configuration-processor-3.4.1.jar;F:\m2\io\github\resilience4j\resilience4j-circuitbreaker\2.2.0\resilience4j-circuitbreaker-2.2.0.jar;F:\m2\io\github\resilience4j\resilience4j-core\2.2.0\resilience4j-core-2.2.0.jar;F:\m2\io\github\resilience4j\resilience4j-timelimiter\2.2.0\resilience4j-timelimiter-2.2.0.jar;F:\m2\org\springframework\boot\spring-boot-devtools\3.4.1\spring-boot-devtools-3.4.1.jar;F:\m2\org\springframework\boot\spring-boot\3.4.1\spring-boot-3.4.1.jar;F:\m2\org\springframework\boot\spring-boot-autoconfigure\3.4.1\spring-boot-autoconfigure-3.4.1.jar;F:\m2\com\mysql\mysql-connector-j\9.1.0\mysql-connector-j-9.1.0.jar;F:\m2\org\projectlombok\lombok\1.18.36\lombok-1.18.36.jar;F:\m2\jakarta\xml\bind\jakarta.xml.bind-api\4.0.2\jakarta.xml.bind-api-4.0.2.jar;F:\m2\jakarta\activation\jakarta.activation-api\2.1.3\jakarta.activation-api-2.1.3.jar;F:\m2\org\springframework\spring-core\6.2.1\spring-core-6.2.1.jar;F:\m2\org\springframework\spring-jcl\6.2.1\spring-jcl-6.2.1.jar;F:\m2\org\springframework\spring-web\6.2.1\spring-web-6.2.1.jar;F:\m2\org\springframework\spring-beans\6.2.1\spring-beans-6.2.1.jar;F:\IntelliJ IDEA 2023.2.4\lib\idea_rt.jar
Launcher Type: SUN_STANDARD

[Global flags]
     intx CICompilerCount                          = 4                                         {product} {ergonomic}
     uint ConcGCThreads                            = 2                                         {product} {ergonomic}
     uint G1ConcRefinementThreads                  = 8                                         {product} {ergonomic}
   size_t G1HeapRegionSize                         = 2097152                                   {product} {ergonomic}
    uintx GCDrainStackTargetSize                   = 64                                        {product} {ergonomic}
   size_t InitialHeapSize                          = 266338304                                 {product} {ergonomic}
     bool ManagementServer                         = true                                      {product} {command line}
   size_t MarkStackSize                            = 4194304                                   {product} {ergonomic}
   size_t MaxHeapSize                              = 4261412864                                {product} {ergonomic}
   size_t MaxNewSize                               = 2556428288                                {product} {ergonomic}
   size_t MinHeapDeltaBytes                        = 2097152                                   {product} {ergonomic}
   size_t MinHeapSize                              = 8388608                                   {product} {ergonomic}
    uintx NonNMethodCodeHeapSize                   = 4096                                   {pd product} {ergonomic}
    uintx NonProfiledCodeHeapSize                  = 0                                      {pd product} {ergonomic}
     bool ProfileInterpreter                       = false                                  {pd product} {command line}
    uintx ProfiledCodeHeapSize                     = 0                                      {pd product} {ergonomic}
   size_t SoftMaxHeapSize                          = 4261412864                             {manageable} {ergonomic}
     intx TieredStopAtLevel                        = 1                                         {product} {command line}
     bool UseCompressedOops                        = true                           {product lp64_product} {ergonomic}
     bool UseG1GC                                  = true                                      {product} {ergonomic}
     bool UseLargePagesIndividualAllocation        = false                                  {pd product} {ergonomic}

Logging:
Log output configuration:
 #0: stdout all=warning uptime,level,tags foldmultilines=false
 #1: stderr all=off uptime,level,tags foldmultilines=false

Environment Variables:
JAVA_HOME=F:\Java\jdk-21
PATH=F:\Python3\Scripts\;F:\Python3\;C:\Program Files\Microsoft MPI\Bin\;C:\Program Files\Common Files\Oracle\Java\javapath;C:\Program Files (x86)\Common Files\Oracle\Java\java8path;C:\Program Files (x86)\Common Files\Oracle\Java\javapath;C:\ProgramData\Oracle\Java\javapath;C:\Windows\system32;C:\Windows;C:\Windows\System32\Wbem;C:\Windows\System32\WindowsPowerShell\v1.0\;C:\Windows\System32\OpenSSH\;C:\Program Files\Git\cmd;C:\WINDOWS\system32;C:\WINDOWS;C:\WINDOWS\System32\Wbem;C:\WINDOWS\System32\WindowsPowerShell\v1.0\;C:\WINDOWS\System32\OpenSSH\;C:\Program Files (x86)\Microsoft SQL Server\160\Tools\Binn\;C:\Program Files\Microsoft SQL Server\160\Tools\Binn\;C:\Program Files\Microsoft SQL Server\Client SDK\ODBC\170\Tools\Binn\;C:\Program Files\Microsoft SQL Server\160\DTS\Binn\;F:\Java\jdk-17\bin;C:\Program Files (x86)\Microsoft SQL Server\160\DTS\Binn\;F:\Maven\apache-maven-3.9.5\bin;F:\putty\;F:\Docker3\Docker\resources\bin;F:\install\nvm-setup\nvm;F:\install\nodejs;F:\install\yarn\bin\;C:\Users\ADMIN\AppData\Local\Microsoft\WindowsApps;C:\Users\ADMIN\AppData\Local\Programs\Microsoft VS Code\bin;F:\msys64\mingw64\bin;C:\Program Files\Azure Data Studio\bin;C:\Program Files\Azure Data Studio\bin;%IntelliJ IDEA Community Edition%;F:\IntelliJ IDEA 2023.2.4\bin;;F:\PyCharm 2023.2.3\bin;;F:\Java\jdk-21\bin;F:\install\nvm-setup\nvm;F:\install\nodejs;C:\Users\ADMIN\AppData\Local\Yarn\bin
USERNAME=ADMIN
OS=Windows_NT
PROCESSOR_IDENTIFIER=Intel64 Family 6 Model 165 Stepping 3, GenuineIntel
TMP=C:\Users\ADMIN\AppData\Local\Temp
TEMP=C:\Users\ADMIN\AppData\Local\Temp




Periodic native trim disabled

---------------  S Y S T E M  ---------------

OS:
 Windows 11 , 64 bit Build 22621 (10.0.22621.4830)
OS uptime: 0 days 4:51 hours
Hyper-V role detected

CPU: total 8 (initial active 8) (4 cores per cpu, 2 threads per core) family 6 model 165 stepping 3 microcode 0xea, cx8, cmov, fxsr, ht, mmx, 3dnowpref, sse, sse2, sse3, ssse3, sse4.1, sse4.2, popcnt, lzcnt, tsc, tscinvbit, avx, avx2, aes, erms, clmul, bmi1, bmi2, adx, fma, vzeroupper, clflush, clflushopt, hv, rdtscp, f16c
Processor Information for all 8 processors :
  Max Mhz: 3696, Current Mhz: 3696, Mhz Limit: 3696

Memory: 4k page, system-wide physical 16253M (784M free)
TotalPageFile size 26253M (AvailPageFile size 348M)
current process WorkingSet (physical memory assigned to process): 28M, peak: 28M
current process commit charge ("private bytes"): 326M, peak: 328M

vm_info: Java HotSpot(TM) 64-Bit Server VM (21.0.5+9-LTS-239) for windows-amd64 JRE (21.0.5+9-LTS-239), built on 2024-09-30T05:17:38Z by "mach5one" with MS VC++ 17.6 (VS2022)

END.
