#
# There is insufficient memory for the Java Runtime Environment to continue.
# Native memory allocation (mmap) failed to map 65536 bytes for Failed to commit metaspace.
# Possible reasons:
#   The system is out of physical RAM or swap space
#   The process is running with CompressedOops enabled, and the Java Heap may be blocking the growth of the native heap
# Possible solutions:
#   Reduce memory load on the system
#   Increase physical memory or swap space
#   Check if swap backing store is full
#   Decrease Java heap size (-Xmx/-Xms)
#   Decrease number of Java threads
#   Decrease Java thread stack sizes (-Xss)
#   Set larger code cache with -XX:ReservedCodeCacheSize=
#   JVM is running with Zero Based Compressed Oops mode in which the Java heap is
#     placed in the first 32GB address space. The Java Heap base address is the
#     maximum limit for the native heap growth. Please use -XX:HeapBaseMinAddress
#     to set the Java Heap base and to place the Java Heap above 32GB virtual address.
# This output file may be truncated or incomplete.
#
#  Out of Memory Error (virtualSpaceNode.cpp:112), pid=15196, tid=18136
#
# JRE version:  (21.0.5+9) (build )
# Java VM: Java HotSpot(TM) 64-Bit Server VM (21.0.5+9-LTS-239, mixed mode, emulated-client, tiered, compressed oops, compressed class ptrs, g1 gc, windows-amd64)
# No core dump will be written. Minidumps are not enabled by default on client versions of Windows
#

---------------  S U M M A R Y ------------

Command Line: -XX:TieredStopAtLevel=1 -Dspring.output.ansi.enabled=always -Dcom.sun.management.jmxremote -Dspring.jmx.enabled=true -Dspring.liveBeansView.mbeanDomain -Dspring.application.admin.enabled=true -Dmanagement.endpoints.jmx.exposure.include=* -javaagent:F:\IntelliJ IDEA 2023.2.4\lib\idea_rt.jar=52232:F:\IntelliJ IDEA 2023.2.4\bin -Dfile.encoding=UTF-8 -Dsun.stdout.encoding=UTF-8 -Dsun.stderr.encoding=UTF-8 com.atp.gatewayserver.GatewayserverApplication

Host: Intel(R) Core(TM) i3-10105F CPU @ 3.70GHz, 8 cores, 15G,  Windows 11 , 64 bit Build 22621 (10.0.22621.4391)
Time: Sat Feb 15 07:26:32 2025 SE Asia Standard Time elapsed time: 0.077467 seconds (0d 0h 0m 0s)

---------------  T H R E A D  ---------------

Current thread (0x00000249360905f0):  JavaThread "main"             [_thread_in_vm, id=18136, stack(0x000000cd72b00000,0x000000cd72c00000) (1024K)]

Stack: [0x000000cd72b00000,0x000000cd72c00000]
Native frames: (J=compiled Java code, j=interpreted, Vv=VM code, C=native code)
V  [jvm.dll+0x6ca289]
V  [jvm.dll+0x854a51]
V  [jvm.dll+0x856f7e]
V  [jvm.dll+0x857653]
V  [jvm.dll+0x27dd26]
V  [jvm.dll+0x85066e]
V  [jvm.dll+0x66dfd5]
V  [jvm.dll+0x66e03a]
V  [jvm.dll+0x670855]
V  [jvm.dll+0x670722]
V  [jvm.dll+0x66e9ae]
V  [jvm.dll+0x67fae9]
V  [jvm.dll+0x678f3e]
V  [jvm.dll+0x3d3051]
C  0x000002494071b764

The last pc belongs to method entry point (kind = zerolocals) (printed below).
Java frames: (J=compiled Java code, j=interpreted, Vv=VM code)
j  java.lang.ref.Reference.<init>(Ljava/lang/Object;)V+0 java.base
j  java.lang.ref.SoftReference.<init>(Ljava/lang/Object;)V+2 java.base
j  java.lang.Class.newReflectionData(Ljava/lang/ref/SoftReference;I)Ljava/lang/Class$ReflectionData;+16 java.base
j  java.lang.Class.reflectionData()Ljava/lang/Class$ReflectionData;+39 java.base
j  java.lang.Class.privateGetDeclaredConstructors(Z)[Ljava/lang/reflect/Constructor;+1 java.base
j  java.lang.Class.getConstructor0([Ljava/lang/Class;I)Ljava/lang/reflect/Constructor;+14 java.base
j  java.lang.Class.newInstance()Ljava/lang/Object;+54 java.base
j  sun.nio.cs.StandardCharsets.lookup(Ljava/lang/String;)Ljava/nio/charset/Charset;+125 java.base
j  sun.nio.cs.StandardCharsets.charsetForName(Ljava/lang/String;)Ljava/nio/charset/Charset;+6 java.base
j  java.nio.charset.Charset.lookup2(Ljava/lang/String;)Ljava/nio/charset/Charset;+39 java.base
j  java.nio.charset.Charset.lookup(Ljava/lang/String;)Ljava/nio/charset/Charset;+40 java.base
j  java.nio.charset.Charset.isSupported(Ljava/lang/String;)Z+1 java.base
j  java.lang.System.initPhase1()V+37 java.base
v  ~StubRoutines::call_stub 0x000002494071100d
method entry point (kind = zerolocals)  [0x000002494071b660, 0x000002494071b950]  752 bytes
[MachCode]
  0x000002494071b660: 488b 5308 | 0fb7 4a2e | 0fb7 522c | 2bd1 81fa | f501 0000 | 0f86 2500 | 0000 488b | c248 c1e0 
  0x000002494071b680: 0348 83c0 | 5849 0387 | c804 0000 | 483b e00f | 870a 0000 | 0058 498b | e550 e9e1 | afff ff58 
  0x000002494071b6a0: 4c8d 74cc | f885 d20f | 8e09 0000 | 0068 0000 | 0000 ffca | 7ff7 5055 | 488b ec41 | 5568 0000 
  0x000002494071b6c0: 0000 4c8b | 6b08 4d8d | 6d38 5348 | 8b53 0848 | 8b52 0848 | 8b52 1848 | 8b52 7048 | 8b12 5268 
  0x000002494071b6e0: 0000 0000 | 488b 5308 | 488b 5208 | 488b 5210 | 5249 8bc6 | 482b c548 | c1e8 0350 | 4155 6800 
  0x000002494071b700: 0000 0048 | 8924 2441 | c687 7104 | 0000 0148 | 8b43 1848 | 85c0 0f85 | b000 0000 | e805 0000 
  0x000002494071b720: 00e9 9900 | 0000 488b | d348 8d44 | 2408 4c89 | 6dc0 498b | cfc5 f877 | 4989 afa8 | 0300 0049 
  0x000002494071b740: 8987 9803 | 0000 4883 | ec20 40f6 | c40f 0f84 | 1900 0000 | 4883 ec08 | 48b8 3030 | 71b7 fc7f 
  0x000002494071b760: 0000 ffd0 | 4883 c408 | e90c 0000 | 0048 b830 | 3071 b7fc | 7f00 00ff | d048 83c4 | 2049 c787 
  0x000002494071b780: 9803 0000 | 0000 0000 | 49c7 87a8 | 0300 0000 | 0000 0049 | c787 a003 | 0000 0000 | 0000 c5f8 
  0x000002494071b7a0: 7749 837f | 0800 0f84 | 0500 0000 | e94f 57ff | ff4c 8b6d | c04c 8b75 | c84e 8d74 | f500 c348 
  0x000002494071b7c0: 8b43 1848 | 85c0 0f84 | 1200 0000 | 8b48 0883 | c102 8948 | 0823 481c | 0f84 c200 | 0000 493b 
  0x000002494071b7e0: a7e0 0400 | 000f 8748 | 0000 0089 | 8424 00f0 | ffff 8984 | 2400 e0ff | ff89 8424 | 00d0 ffff 
  0x000002494071b800: 8984 2400 | c0ff ff89 | 8424 00b0 | ffff 8984 | 2400 a0ff | ff89 8424 | 0090 ffff | 8984 2400 
  0x000002494071b820: 80ff ff49 | 3ba7 d804 | 0000 7607 | 4989 a7e0 | 0400 0041 | c687 7104 | 0000 0049 | bae0 37f6 
  0x000002494071b840: b7fc 7f00 | 0041 803a | 000f 843e | 0000 0048 | 8b55 e849 | 8bcf 4883 | ec20 40f6 | c40f 0f84 
  0x000002494071b860: 1900 0000 | 4883 ec08 | 48b8 3001 | a7b7 fc7f | 0000 ffd0 | 4883 c408 | e90c 0000 | 0048 b830 
  0x000002494071b880: 01a7 b7fc | 7f00 00ff | d048 83c4 | 2041 0fb6 | 5d00 49ba | 1004 f9b7 | fc7f 0000 | 41ff 24da 
  0x000002494071b8a0: ba00 0000 | 00e8 0500 | 0000 e996 | 0000 0048 | 8d44 2408 | 4c89 6dc0 | 498b cfc5 | f877 4989 
  0x000002494071b8c0: afa8 0300 | 0049 8987 | 9803 0000 | 4883 ec20 | 40f6 c40f | 0f84 1900 | 0000 4883 | ec08 48b8 
  0x000002494071b8e0: f03a 71b7 | fc7f 0000 | ffd0 4883 | c408 e90c | 0000 0048 | b8f0 3a71 | b7fc 7f00 | 00ff d048 
  0x000002494071b900: 83c4 2049 | c787 9803 | 0000 0000 | 0000 49c7 | 87a8 0300 | 0000 0000 | 0049 c787 | a003 0000 
  0x000002494071b920: 0000 0000 | c5f8 7749 | 837f 0800 | 0f84 0500 | 0000 e9c9 | 55ff ff4c | 8b6d c04c | 8b75 c84e 
  0x000002494071b940: 8d74 f500 | c348 8b5d | e8e9 90fe | ffff 6690 
[/MachCode]

---------------  P R O C E S S  ---------------

Threads class SMR info:
_java_thread_list=0x000002494b0f4b10, length=1, elements={
0x00000249360905f0
}

Java Threads: ( => current thread )
=>0x00000249360905f0 JavaThread "main"                              [_thread_in_vm, id=18136, stack(0x000000cd72b00000,0x000000cd72c00000) (1024K)]
Total: 1

Other Threads:
  0x000002494b271230 VMThread "VM Thread"                           [id=10044, stack(0x000000cd73200000,0x000000cd73300000) (1024K)]
  0x000002494b2210a0 WatcherThread "VM Periodic Task Thread"        [id=1528, stack(0x000000cd73100000,0x000000cd73200000) (1024K)]
  0x00000249383006d0 WorkerThread "GC Thread#0"                     [id=2264, stack(0x000000cd72c00000,0x000000cd72d00000) (1024K)]
  0x0000024938311570 ConcurrentGCThread "G1 Main Marker"            [id=3588, stack(0x000000cd72d00000,0x000000cd72e00000) (1024K)]
  0x0000024938311f80 WorkerThread "G1 Conc#0"                       [id=16260, stack(0x000000cd72e00000,0x000000cd72f00000) (1024K)]
  0x000002493834e870 ConcurrentGCThread "G1 Refine#0"               [id=10792, stack(0x000000cd72f00000,0x000000cd73000000) (1024K)]
  0x000002494b0f55f0 ConcurrentGCThread "G1 Service"                [id=13336, stack(0x000000cd73000000,0x000000cd73100000) (1024K)]
Total: 7

Threads with active compile tasks:
Total: 0

VM state: not at safepoint (normal execution)

VM Mutex/Monitor currently owned by a thread:  ([mutex/lock_event])
[0x00007ffcb7f79e18] Metaspace_lock - owner thread: 0x00000249360905f0

Heap address: 0x0000000702000000, size: 4064 MB, Compressed Oops mode: Zero based, Oop shift amount: 3

CDS archive(s) not mapped
Compressed class space mapped at: 0x0000000800000000-0x0000000840000000, reserved size: 1073741824
Narrow klass base: 0x0000000800000000, Narrow klass shift: 0, Narrow klass range: 0x40000000

GC Precious Log:
 CardTable entry size: 512
 Card Set container configuration: InlinePtr #cards 4 size 8 Array Of Cards #cards 16 size 48 Howl #buckets 8 coarsen threshold 3686 Howl Bitmap #cards 512 size 80 coarsen threshold 460 Card regions per heap region 1 cards per card region 4096
 CPUs: 8 total, 8 available
 Memory: 16253M
 Large Page Support: Disabled
 NUMA Support: Disabled
 Compressed Oops: Enabled (Zero based)
 Heap Region Size: 2M
 Heap Min Capacity: 8M
 Heap Initial Capacity: 254M
 Heap Max Capacity: 4064M
 Pre-touch: Disabled
 Parallel Workers: 8
 Concurrent Workers: 2
 Concurrent Refinement Workers: 8
 Periodic GC: Disabled

Heap:
 garbage-first heap   total 260096K, used 0K [0x0000000702000000, 0x0000000800000000)
  region size 2048K, 1 young (2048K), 0 survivors (0K)
 Metaspace       used 2347K, committed 2368K, reserved 1114112K
  class space    used 171K, committed 192K, reserved 1048576K

Heap Regions: E=young(eden), S=young(survivor), O=old, HS=humongous(starts), HC=humongous(continues), CS=collection set, F=free, TAMS=top-at-mark-start, PB=parsable bottom
|   0|0x0000000702000000, 0x0000000702000000, 0x0000000702200000|  0%| F|  |TAMS 0x0000000702000000| PB 0x0000000702000000| Untracked 
|   1|0x0000000702200000, 0x0000000702200000, 0x0000000702400000|  0%| F|  |TAMS 0x0000000702200000| PB 0x0000000702200000| Untracked 
|   2|0x0000000702400000, 0x0000000702400000, 0x0000000702600000|  0%| F|  |TAMS 0x0000000702400000| PB 0x0000000702400000| Untracked 
|   3|0x0000000702600000, 0x0000000702600000, 0x0000000702800000|  0%| F|  |TAMS 0x0000000702600000| PB 0x0000000702600000| Untracked 
|   4|0x0000000702800000, 0x0000000702800000, 0x0000000702a00000|  0%| F|  |TAMS 0x0000000702800000| PB 0x0000000702800000| Untracked 
|   5|0x0000000702a00000, 0x0000000702a00000, 0x0000000702c00000|  0%| F|  |TAMS 0x0000000702a00000| PB 0x0000000702a00000| Untracked 
|   6|0x0000000702c00000, 0x0000000702c00000, 0x0000000702e00000|  0%| F|  |TAMS 0x0000000702c00000| PB 0x0000000702c00000| Untracked 
|   7|0x0000000702e00000, 0x0000000702e00000, 0x0000000703000000|  0%| F|  |TAMS 0x0000000702e00000| PB 0x0000000702e00000| Untracked 
|   8|0x0000000703000000, 0x0000000703000000, 0x0000000703200000|  0%| F|  |TAMS 0x0000000703000000| PB 0x0000000703000000| Untracked 
|   9|0x0000000703200000, 0x0000000703200000, 0x0000000703400000|  0%| F|  |TAMS 0x0000000703200000| PB 0x0000000703200000| Untracked 
|  10|0x0000000703400000, 0x0000000703400000, 0x0000000703600000|  0%| F|  |TAMS 0x0000000703400000| PB 0x0000000703400000| Untracked 
|  11|0x0000000703600000, 0x0000000703600000, 0x0000000703800000|  0%| F|  |TAMS 0x0000000703600000| PB 0x0000000703600000| Untracked 
|  12|0x0000000703800000, 0x0000000703800000, 0x0000000703a00000|  0%| F|  |TAMS 0x0000000703800000| PB 0x0000000703800000| Untracked 
|  13|0x0000000703a00000, 0x0000000703a00000, 0x0000000703c00000|  0%| F|  |TAMS 0x0000000703a00000| PB 0x0000000703a00000| Untracked 
|  14|0x0000000703c00000, 0x0000000703c00000, 0x0000000703e00000|  0%| F|  |TAMS 0x0000000703c00000| PB 0x0000000703c00000| Untracked 
|  15|0x0000000703e00000, 0x0000000703e00000, 0x0000000704000000|  0%| F|  |TAMS 0x0000000703e00000| PB 0x0000000703e00000| Untracked 
|  16|0x0000000704000000, 0x0000000704000000, 0x0000000704200000|  0%| F|  |TAMS 0x0000000704000000| PB 0x0000000704000000| Untracked 
|  17|0x0000000704200000, 0x0000000704200000, 0x0000000704400000|  0%| F|  |TAMS 0x0000000704200000| PB 0x0000000704200000| Untracked 
|  18|0x0000000704400000, 0x0000000704400000, 0x0000000704600000|  0%| F|  |TAMS 0x0000000704400000| PB 0x0000000704400000| Untracked 
|  19|0x0000000704600000, 0x0000000704600000, 0x0000000704800000|  0%| F|  |TAMS 0x0000000704600000| PB 0x0000000704600000| Untracked 
|  20|0x0000000704800000, 0x0000000704800000, 0x0000000704a00000|  0%| F|  |TAMS 0x0000000704800000| PB 0x0000000704800000| Untracked 
|  21|0x0000000704a00000, 0x0000000704a00000, 0x0000000704c00000|  0%| F|  |TAMS 0x0000000704a00000| PB 0x0000000704a00000| Untracked 
|  22|0x0000000704c00000, 0x0000000704c00000, 0x0000000704e00000|  0%| F|  |TAMS 0x0000000704c00000| PB 0x0000000704c00000| Untracked 
|  23|0x0000000704e00000, 0x0000000704e00000, 0x0000000705000000|  0%| F|  |TAMS 0x0000000704e00000| PB 0x0000000704e00000| Untracked 
|  24|0x0000000705000000, 0x0000000705000000, 0x0000000705200000|  0%| F|  |TAMS 0x0000000705000000| PB 0x0000000705000000| Untracked 
|  25|0x0000000705200000, 0x0000000705200000, 0x0000000705400000|  0%| F|  |TAMS 0x0000000705200000| PB 0x0000000705200000| Untracked 
|  26|0x0000000705400000, 0x0000000705400000, 0x0000000705600000|  0%| F|  |TAMS 0x0000000705400000| PB 0x0000000705400000| Untracked 
|  27|0x0000000705600000, 0x0000000705600000, 0x0000000705800000|  0%| F|  |TAMS 0x0000000705600000| PB 0x0000000705600000| Untracked 
|  28|0x0000000705800000, 0x0000000705800000, 0x0000000705a00000|  0%| F|  |TAMS 0x0000000705800000| PB 0x0000000705800000| Untracked 
|  29|0x0000000705a00000, 0x0000000705a00000, 0x0000000705c00000|  0%| F|  |TAMS 0x0000000705a00000| PB 0x0000000705a00000| Untracked 
|  30|0x0000000705c00000, 0x0000000705c00000, 0x0000000705e00000|  0%| F|  |TAMS 0x0000000705c00000| PB 0x0000000705c00000| Untracked 
|  31|0x0000000705e00000, 0x0000000705e00000, 0x0000000706000000|  0%| F|  |TAMS 0x0000000705e00000| PB 0x0000000705e00000| Untracked 
|  32|0x0000000706000000, 0x0000000706000000, 0x0000000706200000|  0%| F|  |TAMS 0x0000000706000000| PB 0x0000000706000000| Untracked 
|  33|0x0000000706200000, 0x0000000706200000, 0x0000000706400000|  0%| F|  |TAMS 0x0000000706200000| PB 0x0000000706200000| Untracked 
|  34|0x0000000706400000, 0x0000000706400000, 0x0000000706600000|  0%| F|  |TAMS 0x0000000706400000| PB 0x0000000706400000| Untracked 
|  35|0x0000000706600000, 0x0000000706600000, 0x0000000706800000|  0%| F|  |TAMS 0x0000000706600000| PB 0x0000000706600000| Untracked 
|  36|0x0000000706800000, 0x0000000706800000, 0x0000000706a00000|  0%| F|  |TAMS 0x0000000706800000| PB 0x0000000706800000| Untracked 
|  37|0x0000000706a00000, 0x0000000706a00000, 0x0000000706c00000|  0%| F|  |TAMS 0x0000000706a00000| PB 0x0000000706a00000| Untracked 
|  38|0x0000000706c00000, 0x0000000706c00000, 0x0000000706e00000|  0%| F|  |TAMS 0x0000000706c00000| PB 0x0000000706c00000| Untracked 
|  39|0x0000000706e00000, 0x0000000706e00000, 0x0000000707000000|  0%| F|  |TAMS 0x0000000706e00000| PB 0x0000000706e00000| Untracked 
|  40|0x0000000707000000, 0x0000000707000000, 0x0000000707200000|  0%| F|  |TAMS 0x0000000707000000| PB 0x0000000707000000| Untracked 
|  41|0x0000000707200000, 0x0000000707200000, 0x0000000707400000|  0%| F|  |TAMS 0x0000000707200000| PB 0x0000000707200000| Untracked 
|  42|0x0000000707400000, 0x0000000707400000, 0x0000000707600000|  0%| F|  |TAMS 0x0000000707400000| PB 0x0000000707400000| Untracked 
|  43|0x0000000707600000, 0x0000000707600000, 0x0000000707800000|  0%| F|  |TAMS 0x0000000707600000| PB 0x0000000707600000| Untracked 
|  44|0x0000000707800000, 0x0000000707800000, 0x0000000707a00000|  0%| F|  |TAMS 0x0000000707800000| PB 0x0000000707800000| Untracked 
|  45|0x0000000707a00000, 0x0000000707a00000, 0x0000000707c00000|  0%| F|  |TAMS 0x0000000707a00000| PB 0x0000000707a00000| Untracked 
|  46|0x0000000707c00000, 0x0000000707c00000, 0x0000000707e00000|  0%| F|  |TAMS 0x0000000707c00000| PB 0x0000000707c00000| Untracked 
|  47|0x0000000707e00000, 0x0000000707e00000, 0x0000000708000000|  0%| F|  |TAMS 0x0000000707e00000| PB 0x0000000707e00000| Untracked 
|  48|0x0000000708000000, 0x0000000708000000, 0x0000000708200000|  0%| F|  |TAMS 0x0000000708000000| PB 0x0000000708000000| Untracked 
|  49|0x0000000708200000, 0x0000000708200000, 0x0000000708400000|  0%| F|  |TAMS 0x0000000708200000| PB 0x0000000708200000| Untracked 
|  50|0x0000000708400000, 0x0000000708400000, 0x0000000708600000|  0%| F|  |TAMS 0x0000000708400000| PB 0x0000000708400000| Untracked 
|  51|0x0000000708600000, 0x0000000708600000, 0x0000000708800000|  0%| F|  |TAMS 0x0000000708600000| PB 0x0000000708600000| Untracked 
|  52|0x0000000708800000, 0x0000000708800000, 0x0000000708a00000|  0%| F|  |TAMS 0x0000000708800000| PB 0x0000000708800000| Untracked 
|  53|0x0000000708a00000, 0x0000000708a00000, 0x0000000708c00000|  0%| F|  |TAMS 0x0000000708a00000| PB 0x0000000708a00000| Untracked 
|  54|0x0000000708c00000, 0x0000000708c00000, 0x0000000708e00000|  0%| F|  |TAMS 0x0000000708c00000| PB 0x0000000708c00000| Untracked 
|  55|0x0000000708e00000, 0x0000000708e00000, 0x0000000709000000|  0%| F|  |TAMS 0x0000000708e00000| PB 0x0000000708e00000| Untracked 
|  56|0x0000000709000000, 0x0000000709000000, 0x0000000709200000|  0%| F|  |TAMS 0x0000000709000000| PB 0x0000000709000000| Untracked 
|  57|0x0000000709200000, 0x0000000709200000, 0x0000000709400000|  0%| F|  |TAMS 0x0000000709200000| PB 0x0000000709200000| Untracked 
|  58|0x0000000709400000, 0x0000000709400000, 0x0000000709600000|  0%| F|  |TAMS 0x0000000709400000| PB 0x0000000709400000| Untracked 
|  59|0x0000000709600000, 0x0000000709600000, 0x0000000709800000|  0%| F|  |TAMS 0x0000000709600000| PB 0x0000000709600000| Untracked 
|  60|0x0000000709800000, 0x0000000709800000, 0x0000000709a00000|  0%| F|  |TAMS 0x0000000709800000| PB 0x0000000709800000| Untracked 
|  61|0x0000000709a00000, 0x0000000709a00000, 0x0000000709c00000|  0%| F|  |TAMS 0x0000000709a00000| PB 0x0000000709a00000| Untracked 
|  62|0x0000000709c00000, 0x0000000709c00000, 0x0000000709e00000|  0%| F|  |TAMS 0x0000000709c00000| PB 0x0000000709c00000| Untracked 
|  63|0x0000000709e00000, 0x0000000709e00000, 0x000000070a000000|  0%| F|  |TAMS 0x0000000709e00000| PB 0x0000000709e00000| Untracked 
|  64|0x000000070a000000, 0x000000070a000000, 0x000000070a200000|  0%| F|  |TAMS 0x000000070a000000| PB 0x000000070a000000| Untracked 
|  65|0x000000070a200000, 0x000000070a200000, 0x000000070a400000|  0%| F|  |TAMS 0x000000070a200000| PB 0x000000070a200000| Untracked 
|  66|0x000000070a400000, 0x000000070a400000, 0x000000070a600000|  0%| F|  |TAMS 0x000000070a400000| PB 0x000000070a400000| Untracked 
|  67|0x000000070a600000, 0x000000070a600000, 0x000000070a800000|  0%| F|  |TAMS 0x000000070a600000| PB 0x000000070a600000| Untracked 
|  68|0x000000070a800000, 0x000000070a800000, 0x000000070aa00000|  0%| F|  |TAMS 0x000000070a800000| PB 0x000000070a800000| Untracked 
|  69|0x000000070aa00000, 0x000000070aa00000, 0x000000070ac00000|  0%| F|  |TAMS 0x000000070aa00000| PB 0x000000070aa00000| Untracked 
|  70|0x000000070ac00000, 0x000000070ac00000, 0x000000070ae00000|  0%| F|  |TAMS 0x000000070ac00000| PB 0x000000070ac00000| Untracked 
|  71|0x000000070ae00000, 0x000000070ae00000, 0x000000070b000000|  0%| F|  |TAMS 0x000000070ae00000| PB 0x000000070ae00000| Untracked 
|  72|0x000000070b000000, 0x000000070b000000, 0x000000070b200000|  0%| F|  |TAMS 0x000000070b000000| PB 0x000000070b000000| Untracked 
|  73|0x000000070b200000, 0x000000070b200000, 0x000000070b400000|  0%| F|  |TAMS 0x000000070b200000| PB 0x000000070b200000| Untracked 
|  74|0x000000070b400000, 0x000000070b400000, 0x000000070b600000|  0%| F|  |TAMS 0x000000070b400000| PB 0x000000070b400000| Untracked 
|  75|0x000000070b600000, 0x000000070b600000, 0x000000070b800000|  0%| F|  |TAMS 0x000000070b600000| PB 0x000000070b600000| Untracked 
|  76|0x000000070b800000, 0x000000070b800000, 0x000000070ba00000|  0%| F|  |TAMS 0x000000070b800000| PB 0x000000070b800000| Untracked 
|  77|0x000000070ba00000, 0x000000070ba00000, 0x000000070bc00000|  0%| F|  |TAMS 0x000000070ba00000| PB 0x000000070ba00000| Untracked 
|  78|0x000000070bc00000, 0x000000070bc00000, 0x000000070be00000|  0%| F|  |TAMS 0x000000070bc00000| PB 0x000000070bc00000| Untracked 
|  79|0x000000070be00000, 0x000000070be00000, 0x000000070c000000|  0%| F|  |TAMS 0x000000070be00000| PB 0x000000070be00000| Untracked 
|  80|0x000000070c000000, 0x000000070c000000, 0x000000070c200000|  0%| F|  |TAMS 0x000000070c000000| PB 0x000000070c000000| Untracked 
|  81|0x000000070c200000, 0x000000070c200000, 0x000000070c400000|  0%| F|  |TAMS 0x000000070c200000| PB 0x000000070c200000| Untracked 
|  82|0x000000070c400000, 0x000000070c400000, 0x000000070c600000|  0%| F|  |TAMS 0x000000070c400000| PB 0x000000070c400000| Untracked 
|  83|0x000000070c600000, 0x000000070c600000, 0x000000070c800000|  0%| F|  |TAMS 0x000000070c600000| PB 0x000000070c600000| Untracked 
|  84|0x000000070c800000, 0x000000070c800000, 0x000000070ca00000|  0%| F|  |TAMS 0x000000070c800000| PB 0x000000070c800000| Untracked 
|  85|0x000000070ca00000, 0x000000070ca00000, 0x000000070cc00000|  0%| F|  |TAMS 0x000000070ca00000| PB 0x000000070ca00000| Untracked 
|  86|0x000000070cc00000, 0x000000070cc00000, 0x000000070ce00000|  0%| F|  |TAMS 0x000000070cc00000| PB 0x000000070cc00000| Untracked 
|  87|0x000000070ce00000, 0x000000070ce00000, 0x000000070d000000|  0%| F|  |TAMS 0x000000070ce00000| PB 0x000000070ce00000| Untracked 
|  88|0x000000070d000000, 0x000000070d000000, 0x000000070d200000|  0%| F|  |TAMS 0x000000070d000000| PB 0x000000070d000000| Untracked 
|  89|0x000000070d200000, 0x000000070d200000, 0x000000070d400000|  0%| F|  |TAMS 0x000000070d200000| PB 0x000000070d200000| Untracked 
|  90|0x000000070d400000, 0x000000070d400000, 0x000000070d600000|  0%| F|  |TAMS 0x000000070d400000| PB 0x000000070d400000| Untracked 
|  91|0x000000070d600000, 0x000000070d600000, 0x000000070d800000|  0%| F|  |TAMS 0x000000070d600000| PB 0x000000070d600000| Untracked 
|  92|0x000000070d800000, 0x000000070d800000, 0x000000070da00000|  0%| F|  |TAMS 0x000000070d800000| PB 0x000000070d800000| Untracked 
|  93|0x000000070da00000, 0x000000070da00000, 0x000000070dc00000|  0%| F|  |TAMS 0x000000070da00000| PB 0x000000070da00000| Untracked 
|  94|0x000000070dc00000, 0x000000070dc00000, 0x000000070de00000|  0%| F|  |TAMS 0x000000070dc00000| PB 0x000000070dc00000| Untracked 
|  95|0x000000070de00000, 0x000000070de00000, 0x000000070e000000|  0%| F|  |TAMS 0x000000070de00000| PB 0x000000070de00000| Untracked 
|  96|0x000000070e000000, 0x000000070e000000, 0x000000070e200000|  0%| F|  |TAMS 0x000000070e000000| PB 0x000000070e000000| Untracked 
|  97|0x000000070e200000, 0x000000070e200000, 0x000000070e400000|  0%| F|  |TAMS 0x000000070e200000| PB 0x000000070e200000| Untracked 
|  98|0x000000070e400000, 0x000000070e400000, 0x000000070e600000|  0%| F|  |TAMS 0x000000070e400000| PB 0x000000070e400000| Untracked 
|  99|0x000000070e600000, 0x000000070e600000, 0x000000070e800000|  0%| F|  |TAMS 0x000000070e600000| PB 0x000000070e600000| Untracked 
| 100|0x000000070e800000, 0x000000070e800000, 0x000000070ea00000|  0%| F|  |TAMS 0x000000070e800000| PB 0x000000070e800000| Untracked 
| 101|0x000000070ea00000, 0x000000070ea00000, 0x000000070ec00000|  0%| F|  |TAMS 0x000000070ea00000| PB 0x000000070ea00000| Untracked 
| 102|0x000000070ec00000, 0x000000070ec00000, 0x000000070ee00000|  0%| F|  |TAMS 0x000000070ec00000| PB 0x000000070ec00000| Untracked 
| 103|0x000000070ee00000, 0x000000070ee00000, 0x000000070f000000|  0%| F|  |TAMS 0x000000070ee00000| PB 0x000000070ee00000| Untracked 
| 104|0x000000070f000000, 0x000000070f000000, 0x000000070f200000|  0%| F|  |TAMS 0x000000070f000000| PB 0x000000070f000000| Untracked 
| 105|0x000000070f200000, 0x000000070f200000, 0x000000070f400000|  0%| F|  |TAMS 0x000000070f200000| PB 0x000000070f200000| Untracked 
| 106|0x000000070f400000, 0x000000070f400000, 0x000000070f600000|  0%| F|  |TAMS 0x000000070f400000| PB 0x000000070f400000| Untracked 
| 107|0x000000070f600000, 0x000000070f600000, 0x000000070f800000|  0%| F|  |TAMS 0x000000070f600000| PB 0x000000070f600000| Untracked 
| 108|0x000000070f800000, 0x000000070f800000, 0x000000070fa00000|  0%| F|  |TAMS 0x000000070f800000| PB 0x000000070f800000| Untracked 
| 109|0x000000070fa00000, 0x000000070fa00000, 0x000000070fc00000|  0%| F|  |TAMS 0x000000070fa00000| PB 0x000000070fa00000| Untracked 
| 110|0x000000070fc00000, 0x000000070fc00000, 0x000000070fe00000|  0%| F|  |TAMS 0x000000070fc00000| PB 0x000000070fc00000| Untracked 
| 111|0x000000070fe00000, 0x000000070fe00000, 0x0000000710000000|  0%| F|  |TAMS 0x000000070fe00000| PB 0x000000070fe00000| Untracked 
| 112|0x0000000710000000, 0x0000000710000000, 0x0000000710200000|  0%| F|  |TAMS 0x0000000710000000| PB 0x0000000710000000| Untracked 
| 113|0x0000000710200000, 0x0000000710200000, 0x0000000710400000|  0%| F|  |TAMS 0x0000000710200000| PB 0x0000000710200000| Untracked 
| 114|0x0000000710400000, 0x0000000710400000, 0x0000000710600000|  0%| F|  |TAMS 0x0000000710400000| PB 0x0000000710400000| Untracked 
| 115|0x0000000710600000, 0x0000000710600000, 0x0000000710800000|  0%| F|  |TAMS 0x0000000710600000| PB 0x0000000710600000| Untracked 
| 116|0x0000000710800000, 0x0000000710800000, 0x0000000710a00000|  0%| F|  |TAMS 0x0000000710800000| PB 0x0000000710800000| Untracked 
| 117|0x0000000710a00000, 0x0000000710a00000, 0x0000000710c00000|  0%| F|  |TAMS 0x0000000710a00000| PB 0x0000000710a00000| Untracked 
| 118|0x0000000710c00000, 0x0000000710c00000, 0x0000000710e00000|  0%| F|  |TAMS 0x0000000710c00000| PB 0x0000000710c00000| Untracked 
| 119|0x0000000710e00000, 0x0000000710e00000, 0x0000000711000000|  0%| F|  |TAMS 0x0000000710e00000| PB 0x0000000710e00000| Untracked 
| 120|0x0000000711000000, 0x0000000711000000, 0x0000000711200000|  0%| F|  |TAMS 0x0000000711000000| PB 0x0000000711000000| Untracked 
| 121|0x0000000711200000, 0x0000000711200000, 0x0000000711400000|  0%| F|  |TAMS 0x0000000711200000| PB 0x0000000711200000| Untracked 
| 122|0x0000000711400000, 0x0000000711400000, 0x0000000711600000|  0%| F|  |TAMS 0x0000000711400000| PB 0x0000000711400000| Untracked 
| 123|0x0000000711600000, 0x0000000711600000, 0x0000000711800000|  0%| F|  |TAMS 0x0000000711600000| PB 0x0000000711600000| Untracked 
| 124|0x0000000711800000, 0x0000000711800000, 0x0000000711a00000|  0%| F|  |TAMS 0x0000000711800000| PB 0x0000000711800000| Untracked 
| 125|0x0000000711a00000, 0x0000000711a00000, 0x0000000711c00000|  0%| F|  |TAMS 0x0000000711a00000| PB 0x0000000711a00000| Untracked 
| 126|0x0000000711c00000, 0x0000000711c70aa8, 0x0000000711e00000| 22%| E|  |TAMS 0x0000000711c00000| PB 0x0000000711c00000| Complete 

Card table byte_map: [0x0000024944010000,0x0000024944800000] _byte_map_base: 0x0000024940800000

Marking Bits: (CMBitMap*) 0x0000024938300ce0
 Bits: [0x0000024944800000, 0x0000024948780000)

Polling page: 0x0000024936250000

Metaspace:

Usage:
  Non-class:      2.12 MB used.
      Class:    171.24 KB used.
       Both:      2.29 MB used.

Virtual space:
  Non-class space:       64.00 MB reserved,       2.12 MB (  3%) committed,  1 nodes.
      Class space:        1.00 GB reserved,     192.00 KB ( <1%) committed,  1 nodes.
             Both:        1.06 GB reserved,       2.31 MB ( <1%) committed. 

Chunk freelists:
   Non-Class:  12.00 MB
       Class:  15.75 MB
        Both:  27.75 MB

MaxMetaspaceSize: unlimited
CompressedClassSpaceSize: 1.00 GB
Initial GC threshold: 21.00 MB
Current GC threshold: 17179869184.00 GB
CDS: off
 - commit_granule_bytes: 65536.
 - commit_granule_words: 8192.
 - virtual_space_node_default_size: 8388608.
 - enlarge_chunks_in_place: 1.
 - use_allocation_guard: 0.


Internal statistics:

num_allocs_failed_limit: 0.
num_arena_births: 2.
num_arena_deaths: 0.
num_vsnodes_births: 2.
num_vsnodes_deaths: 0.
num_space_committed: 37.
num_space_uncommitted: 0.
num_chunks_returned_to_freelist: 0.
num_chunks_taken_from_freelist: 3.
num_chunk_merges: 0.
num_chunk_splits: 2.
num_chunks_enlarged: 0.
num_inconsistent_stats: 0.

CodeCache: size=49152Kb used=407Kb max_used=407Kb free=48745Kb
 bounds [0x0000024940710000, 0x0000024940980000, 0x0000024943710000]
 total_blobs=166 nmethods=0 adapters=136
 compilation: enabled
              stopped_count=0, restarted_count=0
 full_count=0

Compilation events (0 events):
No events

GC Heap History (0 events):
No events

Dll operation events (1 events):
Event: 0.007 Loaded shared library F:\Java\jdk-21\bin\java.dll

Deoptimization events (0 events):
No events

Classes loaded (20 events):
Event: 0.075 Loading class sun/nio/cs/Unicode done
Event: 0.075 Loading class sun/nio/cs/UTF_8 done
Event: 0.075 Loading class sun/nio/cs/ISO_8859_1
Event: 0.075 Loading class sun/nio/cs/ISO_8859_1 done
Event: 0.075 Loading class sun/nio/cs/US_ASCII
Event: 0.075 Loading class sun/nio/cs/US_ASCII done
Event: 0.075 Loading class java/nio/charset/StandardCharsets
Event: 0.075 Loading class java/nio/charset/StandardCharsets done
Event: 0.075 Loading class sun/nio/cs/UTF_16BE
Event: 0.075 Loading class sun/nio/cs/UTF_16BE done
Event: 0.075 Loading class sun/nio/cs/UTF_16LE
Event: 0.075 Loading class sun/nio/cs/UTF_16LE done
Event: 0.075 Loading class sun/nio/cs/UTF_16
Event: 0.075 Loading class sun/nio/cs/UTF_16 done
Event: 0.075 Loading class sun/nio/cs/StandardCharsets$Classes
Event: 0.076 Loading class sun/nio/cs/StandardCharsets$Classes done
Event: 0.076 Loading class sun/nio/cs/MS1252
Event: 0.076 Loading class sun/nio/cs/MS1252 done
Event: 0.076 Loading class java/lang/Class$ReflectionData
Event: 0.076 Loading class java/lang/Class$ReflectionData done

Classes unloaded (0 events):
No events

Classes redefined (0 events):
No events

Internal exceptions (0 events):
No events

ZGC Phase Switch (0 events):
No events

VM Operations (0 events):
No events

Events (1 events):
Event: 0.016 Thread 0x00000249360905f0 Thread added: 0x00000249360905f0


Dynamic libraries:
0x00007ff781340000 - 0x00007ff781350000 	F:\Java\jdk-21\bin\java.exe
0x00007ffd31ef0000 - 0x00007ffd32107000 	C:\WINDOWS\SYSTEM32\ntdll.dll
0x00007ffd30a50000 - 0x00007ffd30b14000 	C:\WINDOWS\System32\KERNEL32.DLL
0x00007ffd2f540000 - 0x00007ffd2f8fa000 	C:\WINDOWS\System32\KERNELBASE.dll
0x00007ffd2f1b0000 - 0x00007ffd2f2c1000 	C:\WINDOWS\System32\ucrtbase.dll
0x00007ffce3540000 - 0x00007ffce3559000 	F:\Java\jdk-21\bin\jli.dll
0x00007ffccde40000 - 0x00007ffccde5b000 	F:\Java\jdk-21\bin\VCRUNTIME140.dll
0x00007ffd306d0000 - 0x00007ffd30782000 	C:\WINDOWS\System32\ADVAPI32.dll
0x00007ffd30800000 - 0x00007ffd308a7000 	C:\WINDOWS\System32\msvcrt.dll
0x00007ffd30920000 - 0x00007ffd309c7000 	C:\WINDOWS\System32\sechost.dll
0x00007ffd2fb30000 - 0x00007ffd2fb58000 	C:\WINDOWS\System32\bcrypt.dll
0x00007ffd30f70000 - 0x00007ffd31084000 	C:\WINDOWS\System32\RPCRT4.dll
0x00007ffd2fcb0000 - 0x00007ffd2fe5e000 	C:\WINDOWS\System32\USER32.dll
0x00007ffd15230000 - 0x00007ffd154c2000 	C:\WINDOWS\WinSxS\amd64_microsoft.windows.common-controls_6595b64144ccf1df_6.0.22621.4541_none_2710d1c57384c085\COMCTL32.dll
0x00007ffd2f490000 - 0x00007ffd2f4b6000 	C:\WINDOWS\System32\win32u.dll
0x00007ffd309e0000 - 0x00007ffd30a09000 	C:\WINDOWS\System32\GDI32.dll
0x00007ffd2f370000 - 0x00007ffd2f48b000 	C:\WINDOWS\System32\gdi32full.dll
0x00007ffd2f2d0000 - 0x00007ffd2f36a000 	C:\WINDOWS\System32\msvcp_win.dll
0x00007ffd2a2c0000 - 0x00007ffd2a2ca000 	C:\WINDOWS\SYSTEM32\VERSION.dll
0x00007ffd30a10000 - 0x00007ffd30a41000 	C:\WINDOWS\System32\IMM32.DLL
0x00007ffd00d20000 - 0x00007ffd00d2c000 	F:\Java\jdk-21\bin\vcruntime140_1.dll
0x00007ffccdca0000 - 0x00007ffccdd2e000 	F:\Java\jdk-21\bin\msvcp140.dll
0x00007ffcb7340000 - 0x00007ffcb8058000 	F:\Java\jdk-21\bin\server\jvm.dll
0x00007ffd31170000 - 0x00007ffd311e1000 	C:\WINDOWS\System32\WS2_32.dll
0x00007ffd2e940000 - 0x00007ffd2e98d000 	C:\WINDOWS\SYSTEM32\POWRPROF.dll
0x00007ffd288e0000 - 0x00007ffd28914000 	C:\WINDOWS\SYSTEM32\WINMM.dll
0x00007ffd2e920000 - 0x00007ffd2e933000 	C:\WINDOWS\SYSTEM32\UMPDC.dll
0x00007ffd2e1b0000 - 0x00007ffd2e1c8000 	C:\WINDOWS\SYSTEM32\kernel.appcore.dll
0x00007ffcfd320000 - 0x00007ffcfd32a000 	F:\Java\jdk-21\bin\jimage.dll
0x00007ffd29810000 - 0x00007ffd29a42000 	C:\WINDOWS\SYSTEM32\DBGHELP.DLL
0x00007ffd30b20000 - 0x00007ffd30eb1000 	C:\WINDOWS\System32\combase.dll
0x00007ffd31090000 - 0x00007ffd31167000 	C:\WINDOWS\System32\OLEAUT32.dll
0x00007ffd293b0000 - 0x00007ffd293e2000 	C:\WINDOWS\SYSTEM32\dbgcore.DLL
0x00007ffd2fb60000 - 0x00007ffd2fbdb000 	C:\WINDOWS\System32\bcryptPrimitives.dll
0x00007ffd22900000 - 0x00007ffd2290f000 	F:\Java\jdk-21\bin\instrument.dll
0x00007ffce4740000 - 0x00007ffce475f000 	F:\Java\jdk-21\bin\java.dll
0x00007ffd31360000 - 0x00007ffd31bd9000 	C:\WINDOWS\System32\SHELL32.dll
0x00007ffd2d0a0000 - 0x00007ffd2d9a9000 	C:\WINDOWS\SYSTEM32\windows.storage.dll
0x00007ffd2cf60000 - 0x00007ffd2d09f000 	C:\WINDOWS\SYSTEM32\wintypes.dll
0x00007ffd31db0000 - 0x00007ffd31eaa000 	C:\WINDOWS\System32\SHCORE.dll
0x00007ffd31200000 - 0x00007ffd3125e000 	C:\WINDOWS\System32\shlwapi.dll
0x00007ffd2f0e0000 - 0x00007ffd2f10b000 	C:\WINDOWS\SYSTEM32\profapi.dll

dbghelp: loaded successfully - version: 4.0.5 - missing functions: none
symbol engine: initialized successfully - sym options: 0x614 - pdb path: .;F:\Java\jdk-21\bin;C:\WINDOWS\SYSTEM32;C:\WINDOWS\WinSxS\amd64_microsoft.windows.common-controls_6595b64144ccf1df_6.0.22621.4541_none_2710d1c57384c085;F:\Java\jdk-21\bin\server

VM Arguments:
jvm_args: -XX:TieredStopAtLevel=1 -Dspring.output.ansi.enabled=always -Dcom.sun.management.jmxremote -Dspring.jmx.enabled=true -Dspring.liveBeansView.mbeanDomain -Dspring.application.admin.enabled=true -Dmanagement.endpoints.jmx.exposure.include=* -javaagent:F:\IntelliJ IDEA 2023.2.4\lib\idea_rt.jar=52232:F:\IntelliJ IDEA 2023.2.4\bin -Dfile.encoding=UTF-8 -Dsun.stdout.encoding=UTF-8 -Dsun.stderr.encoding=UTF-8 
java_command: com.atp.gatewayserver.GatewayserverApplication
java_class_path (initial): F:\MainProject\MicroserviceBank\gatewayserver\target\classes;F:\m2\org\springframework\boot\spring-boot-starter-actuator\3.4.2\spring-boot-starter-actuator-3.4.2.jar;F:\m2\org\springframework\boot\spring-boot-starter\3.4.2\spring-boot-starter-3.4.2.jar;F:\m2\org\springframework\boot\spring-boot-starter-logging\3.4.2\spring-boot-starter-logging-3.4.2.jar;F:\m2\ch\qos\logback\logback-classic\1.5.16\logback-classic-1.5.16.jar;F:\m2\ch\qos\logback\logback-core\1.5.16\logback-core-1.5.16.jar;F:\m2\org\apache\logging\log4j\log4j-to-slf4j\2.24.3\log4j-to-slf4j-2.24.3.jar;F:\m2\org\apache\logging\log4j\log4j-api\2.24.3\log4j-api-2.24.3.jar;F:\m2\org\slf4j\jul-to-slf4j\2.0.16\jul-to-slf4j-2.0.16.jar;F:\m2\jakarta\annotation\jakarta.annotation-api\2.1.1\jakarta.annotation-api-2.1.1.jar;F:\m2\org\yaml\snakeyaml\2.3\snakeyaml-2.3.jar;F:\m2\org\springframework\boot\spring-boot-actuator-autoconfigure\3.4.2\spring-boot-actuator-autoconfigure-3.4.2.jar;F:\m2\org\springframework\boot\spring-boot-actuator\3.4.2\spring-boot-actuator-3.4.2.jar;F:\m2\com\fasterxml\jackson\datatype\jackson-datatype-jsr310\2.18.2\jackson-datatype-jsr310-2.18.2.jar;F:\m2\io\micrometer\micrometer-observation\1.14.3\micrometer-observation-1.14.3.jar;F:\m2\io\micrometer\micrometer-commons\1.14.3\micrometer-commons-1.14.3.jar;F:\m2\io\micrometer\micrometer-jakarta9\1.14.3\micrometer-jakarta9-1.14.3.jar;F:\m2\io\micrometer\micrometer-core\1.14.3\micrometer-core-1.14.3.jar;F:\m2\org\hdrhistogram\HdrHistogram\2.2.2\HdrHistogram-2.2.2.jar;F:\m2\org\latencyutils\LatencyUtils\2.0.3\LatencyUtils-2.0.3.jar;F:\m2\org\springframework\cloud\spring-cloud-starter-config\4.2.0\spring-cloud-starter-config-4.2.0.jar;F:\m2\org\springframework\cloud\spring-cloud-starter\4.2.0\spring-cloud-starter-4.2.0.jar;F:\m2\org\springframework\cloud\spring-cloud-context\4.2.0\spring-cloud-context-4.2.0.jar;F:\m2\org\springframework\security\spring-security-crypto\6.4.2\spring-security-crypto-6.4.2.jar;F:\m2\org\springframework\cloud\spring-cloud-commons\4.2.0\spring-cloud-commons-4.2.0.jar;F:\m2\org\bouncycastle\bcprov-jdk18on\1.78.1\bcprov-jdk18on-1.78.1.jar;F:\m2\org\springframework\cloud\spring-cloud-config-client\4.2.0\spring-cloud-config-client-4.2.0.jar;F:\m2\org\springframework\spring-web\6.2.2\spring-web-6.2.2.jar;F:\m2\org\springframework\spring-beans\6.2.2\spring-beans-6.2.2.jar;F:\m2\com\fasterxml\jackson\core\jackson-annotations\2.18.2\jackson-annotations-2.18.2.jar;F:\m2\org\apache\httpcomponents\client5\httpclient5\5.4.1\httpclient5-5.4.1.jar;F:\m2\org\apache\httpcomponents\core5\httpcore5\5.3.2\httpcore5-5.3.2.jar;F:\m2\org\apache\httpcomponents\core5\httpcore5-h2\5.3.2\httpcore5-h2-5.3.2.jar;F:\m2\com\fasterxml\jackson\core\jackson-databind\2.18.2\jackson-databind-2.18.2.jar;F:\m2\com\fasterxml\jackson\core\jackson-core\2.18.2\jackson-core-2.18.2.jar;F:\m2\org\springframework\cloud\spring-cloud-starter-gateway\4.2.0\spring-cloud-starter-gateway-4.2.0.jar;F:\m2\org\springframework\cloud\spring-cloud-gateway-server\4.2.0\spring-cloud-gateway-server-4.2.0.jar;F:\m2\org\springframework\boot\spring-boot-starter-validation\3.4.2\spring-boot-starter-validation-3.4.2.jar;F:\m2\org\apache\tomcat\embed\tomcat-embed-el\10.1.34\tomcat-embed-el-10.1.34.jar;F:\m2\org\hibernate\validator\hibernate-validator\8.0.2.Final\hibernate-validator-8.0.2.Final.jar;F:\m2\jakarta\validation\jakarta.validation-api\3.0.2\jakarta.validation-api-3.0.2.jar;F:\m2\org\jboss\logging\jboss-logging\3.6.1.Final\jboss-logging-3.6.1.Final.jar;F:\m2\com\fasterxml\classmate\1.7.0\classmate-1.7.0.jar;F:\m2\io\projectreactor\addons\reactor-extra\3.5.2\reactor-extra-3.5.2.jar;F:\m2\org\springframework\boot\spring-boot-starter-webflux\3.4.2\spring-boot-starter-webflux-3.4.2.jar;F:\m2\org\springframework\boot\spring-boot-starter-json\3.4.2\spring-boot-starter-json-3.4.2.jar;F:\m2\com\fasterxml\jackson\datatype\jackson-datatype-jdk8\2.18.2\jackson-datatype-jdk8-2.18.2.jar;F:\m2\com\fasterxml\jackson\module\jackson-module-parameter-names\2.18.2\jackson-module-parameter-names-2.18.2.jar;F:\m2\org\springframework\boot\spring-boot-starter-reactor-netty\3.4.2\spring-boot-starter-reactor-netty-3.4.2.jar;F:\m2\io\projectreactor\netty\reactor-netty-http\1.2.2\reactor-netty-http-1.2.2.jar;F:\m2\io\netty\netty-codec-http\4.1.117.Final\netty-codec-http-4.1.117.Final.jar;F:\m2\io\netty\netty-common\4.1.117.Final\netty-common-4.1.117.Final.jar;F:\m2\io\netty\netty-buffer\4.1.117.Final\netty-buffer-4.1.117.Final.jar;F:\m2\io\netty\netty-transport\4.1.117.Final\netty-transport-4.1.117.Final.jar;F:\m2\io\netty\netty-codec\4.1.117.Final\netty-codec-4.1.117.Final.jar;F:\m2\io\netty\netty-handler\4.1.117.Final\netty-handler-4.1.117.Final.jar;F:\m2\io\netty\netty-codec-http2\4.1.117.Final\netty-codec-http2-4.1.117.Final.jar;F:\m2\io\netty\netty-resolver-dns\4.1.117.Final\netty-resolver-dns-4.1.117.Final.jar;F:\m2\io\netty\netty-resolver\4.1.117.Final\netty-resolver-4.1.117.Final.jar;F:\m2\io\netty\netty-codec-dns\4.1.117.Final\netty-codec-dns-4.1.117.Final.jar;F:\m2\io\netty\netty-resolver-dns-native-macos\4.1.117.Final\netty-resolver-dns-native-macos-4.1.117.Final-osx-x86_64.jar;F:\m2\io\netty\netty-resolver-dns-classes-macos\4.1.117.Final\netty-resolver-dns-classes-macos-4.1.117.Final.jar;F:\m2\io\netty\netty-transport-native-epoll\4.1.117.Final\netty-transport-native-epoll-4.1.117.Final-linux-x86_64.jar;F:\m2\io\netty\netty-transport-native-unix-common\4.1.117.Final\netty-transport-native-unix-common-4.1.117.Final.jar;F:\m2\io\netty\netty-transport-classes-epoll\4.1.117.Final\netty-transport-classes-epoll-4.1.117.Final.jar;F:\m2\io\projectreactor\netty\reactor-netty-core\1.2.2\reactor-netty-core-1.2.2.jar;F:\m2\io\netty\netty-handler-proxy\4.1.117.Final\netty-handler-proxy-4.1.117.Final.jar;F:\m2\io\netty\netty-codec-socks\4.1.117.Final\netty-codec-socks-4.1.117.Final.jar;F:\m2\org\springframework\spring-webflux\6.2.2\spring-webflux-6.2.2.jar;F:\m2\org\springframework\cloud\spring-cloud-starter-netflix-eureka-client\4.2.0\spring-cloud-starter-netflix-eureka-client-4.2.0.jar;F:\m2\org\springframework\cloud\spring-cloud-netflix-eureka-client\4.2.0\spring-cloud-netflix-eureka-client-4.2.0.jar;F:\m2\com\netflix\eureka\eureka-client\2.0.4\eureka-client-2.0.4.jar;F:\m2\com\thoughtworks\xstream\xstream\1.4.20\xstream-1.4.20.jar;F:\m2\io\github\x-stream\mxparser\1.2.2\mxparser-1.2.2.jar;F:\m2\xmlpull\xmlpull\1.1.3.1\xmlpull-1.1.3.1.jar;F:\m2\jakarta\ws\rs\jakarta.ws.rs-api\3.1.0\jakarta.ws.rs-api-3.1.0.jar;F:\m2\jakarta\inject\jakarta.inject-api\2.0.1\jakarta.inject-api-2.0.1.jar;F:\m2\com\netflix\spectator\spectator-api\1.7.3\spectator-api-1.7.3.jar;F:\m2\org\slf4j\slf4j-api\2.0.16\slf4j-api-2.0.16.jar;F:\m2\org\apache\httpcomponents\httpclient\4.5.3\httpclient-4.5.3.jar;F:\m2\org\apache\httpcomponents\httpcore\4.4.16\httpcore-4.4.16.jar;F:\m2\commons-codec\commons-codec\1.17.2\commons-codec-1.17.2.jar;F:\m2\commons-configuration\commons-configuration\1.10\commons-configuration-1.10.jar;F:\m2\commons-lang\commons-lang\2.6\commons-lang-2.6.jar;F:\m2\com\netflix\netflix-commons\netflix-eventbus\0.3.0\netflix-eventbus-0.3.0.jar;F:\m2\com\netflix\netflix-commons\netflix-infix\0.3.0\netflix-infix-0.3.0.jar;F:\m2\commons-jxpath\commons-jxpath\1.3\commons-jxpath-1.3.jar;F:\m2\joda-time\joda-time\2.3\joda-time-2.3.jar;F:\m2\org\antlr\antlr-runtime\3.4\antlr-runtime-3.4.jar;F:\m2\org\antlr\stringtemplate\3.2.1\stringtemplate-3.2.1.jar;F:\m2\antlr\antlr\2.7.7\antlr-2.7.7.jar;F:\m2\com\google\guava\guava\33.3.1-jre\guava-33.3.1-jre.jar;F:\m2\com\google\guava\failureaccess\1.0.2\failureaccess-1.0.2.jar;F:\m2\com\google\guava\listenablefuture\9999.0-empty-to-avoid-conflict-with-guava\listenablefuture-9999.0-empty-to-avoid-conflict-with-guava.jar;F:\m2\org\checkerframework\checker-qual\3.43.0\checker-qual-3.43.0.jar;F:\m2\com\google\errorprone\error_prone_annotations\2.28.0\error_prone_annotations-2.28.0.jar;F:\m2\com\google\j2objc\j2objc-annotations\3.0.0\j2objc-annotations-3.0.0.jar;F:\m2\com\google\code\gson\gson\2.11.0\gson-2.11.0.jar;F:\m2\com\netflix\servo\servo-core\0.5.3\servo-core-0.5.3.jar;F:\m2\org\apache\commons\commons-math\2.2\commons-math-2.2.jar;F:\m2\javax\annotation\javax.annotation-api\1.2\javax.annotation-api-1.2.jar;F:\m2\org\codehaus\jettison\jettison\1.5.4\jettison-1.5.4.jar;F:\m2\org\springframework\cloud\spring-cloud-starter-loadbalancer\4.2.0\spring-cloud-starter-loadbalancer-4.2.0.jar;F:\m2\org\springframework\cloud\spring-cloud-loadbalancer\4.2.0\spring-cloud-loadbalancer-4.2.0.jar;F:\m2\org\springframework\boot\spring-boot-starter-cache\3.4.2\spring-boot-starter-cache-3.4.2.jar;F:\m2\org\springframework\spring-context-support\6.2.2\spring-context-support-6.2.2.jar;F:\m2\com\stoyanr\evictor\1.0.0\evictor-1.0.0.jar;F:\m2\org\springframework\boot\spring-boot-devtools\3.4.2\spring-boot-devtools-3.4.2.jar;F:\m2\org\springframework\boot\spring-boot\3.4.2\spring-boot-3.4.2.jar;F:\m2\org\springframework\spring-context\6.2.2\spring-context-6.2.2.jar;F:\m2\org\springframework\spring-aop\6.2.2\spring-aop-6.2.2.jar;F:\m2\org\springframework\spring-expression\6.2.2\spring-expression-6.2.2.jar;F:\m2\org\springframework\boot\spring-boot-autoconfigure\3.4.2\spring-boot-autoconfigure-3.4.2.jar;F:\m2\org\springframework\spring-core\6.2.2\spring-core-6.2.2.jar;F:\m2\org\springframework\spring-jcl\6.2.2\spring-jcl-6.2.2.jar;F:\m2\io\projectreactor\reactor-core\3.7.2\reactor-core-3.7.2.jar;F:\m2\org\reactivestreams\reactive-streams\1.0.4\reactive-streams-1.0.4.jar
Launcher Type: SUN_STANDARD

[Global flags]
     intx CICompilerCount                          = 4                                         {product} {ergonomic}
     uint ConcGCThreads                            = 2                                         {product} {ergonomic}
     uint G1ConcRefinementThreads                  = 8                                         {product} {ergonomic}
   size_t G1HeapRegionSize                         = 2097152                                   {product} {ergonomic}
    uintx GCDrainStackTargetSize                   = 64                                        {product} {ergonomic}
   size_t InitialHeapSize                          = 266338304                                 {product} {ergonomic}
     bool ManagementServer                         = true                                      {product} {command line}
   size_t MarkStackSize                            = 4194304                                   {product} {ergonomic}
   size_t MaxHeapSize                              = 4261412864                                {product} {ergonomic}
   size_t MaxNewSize                               = 2556428288                                {product} {ergonomic}
   size_t MinHeapDeltaBytes                        = 2097152                                   {product} {ergonomic}
   size_t MinHeapSize                              = 8388608                                   {product} {ergonomic}
    uintx NonNMethodCodeHeapSize                   = 4096                                   {pd product} {ergonomic}
    uintx NonProfiledCodeHeapSize                  = 0                                      {pd product} {ergonomic}
     bool ProfileInterpreter                       = false                                  {pd product} {command line}
    uintx ProfiledCodeHeapSize                     = 0                                      {pd product} {ergonomic}
   size_t SoftMaxHeapSize                          = 4261412864                             {manageable} {ergonomic}
     intx TieredStopAtLevel                        = 1                                         {product} {command line}
     bool UseCompressedOops                        = true                           {product lp64_product} {ergonomic}
     bool UseG1GC                                  = true                                      {product} {ergonomic}
     bool UseLargePagesIndividualAllocation        = false                                  {pd product} {ergonomic}

Logging:
Log output configuration:
 #0: stdout all=warning uptime,level,tags foldmultilines=false
 #1: stderr all=off uptime,level,tags foldmultilines=false

Environment Variables:
JAVA_HOME=F:\Java\jdk-21
PATH=F:\Python3\Scripts\;F:\Python3\;C:\Program Files\Microsoft MPI\Bin\;C:\Program Files\Common Files\Oracle\Java\javapath;C:\Program Files (x86)\Common Files\Oracle\Java\java8path;C:\Program Files (x86)\Common Files\Oracle\Java\javapath;C:\ProgramData\Oracle\Java\javapath;C:\Windows\system32;C:\Windows;C:\Windows\System32\Wbem;C:\Windows\System32\WindowsPowerShell\v1.0\;C:\Windows\System32\OpenSSH\;C:\Program Files\Git\cmd;C:\WINDOWS\system32;C:\WINDOWS;C:\WINDOWS\System32\Wbem;C:\WINDOWS\System32\WindowsPowerShell\v1.0\;C:\WINDOWS\System32\OpenSSH\;C:\Program Files (x86)\Microsoft SQL Server\160\Tools\Binn\;C:\Program Files\Microsoft SQL Server\160\Tools\Binn\;C:\Program Files\Microsoft SQL Server\Client SDK\ODBC\170\Tools\Binn\;C:\Program Files\Microsoft SQL Server\160\DTS\Binn\;F:\Java\jdk-17\bin;C:\Program Files (x86)\Microsoft SQL Server\160\DTS\Binn\;F:\Maven\apache-maven-3.9.5\bin;F:\putty\;F:\Docker3\Docker\resources\bin;F:\install\nvm-setup\nvm;F:\install\nodejs;F:\install\yarn\bin\;C:\Users\ADMIN\AppData\Local\Microsoft\WindowsApps;C:\Users\ADMIN\AppData\Local\Programs\Microsoft VS Code\bin;F:\msys64\mingw64\bin;C:\Program Files\Azure Data Studio\bin;C:\Program Files\Azure Data Studio\bin;%IntelliJ IDEA Community Edition%;F:\IntelliJ IDEA 2023.2.4\bin;;F:\PyCharm 2023.2.3\bin;;F:\Java\jdk-21\bin;F:\install\nvm-setup\nvm;F:\install\nodejs;C:\Users\ADMIN\AppData\Local\Yarn\bin
USERNAME=ADMIN
OS=Windows_NT
PROCESSOR_IDENTIFIER=Intel64 Family 6 Model 165 Stepping 3, GenuineIntel
TMP=C:\Users\ADMIN\AppData\Local\Temp
TEMP=C:\Users\ADMIN\AppData\Local\Temp




Periodic native trim disabled

---------------  S Y S T E M  ---------------

OS:
 Windows 11 , 64 bit Build 22621 (10.0.22621.4391)
OS uptime: 0 days 0:27 hours
Hyper-V role detected

CPU: total 8 (initial active 8) (4 cores per cpu, 2 threads per core) family 6 model 165 stepping 3 microcode 0xea, cx8, cmov, fxsr, ht, mmx, 3dnowpref, sse, sse2, sse3, ssse3, sse4.1, sse4.2, popcnt, lzcnt, tsc, tscinvbit, avx, avx2, aes, erms, clmul, bmi1, bmi2, adx, fma, vzeroupper, clflush, clflushopt, hv, rdtscp, f16c
Processor Information for all 8 processors :
  Max Mhz: 3696, Current Mhz: 3696, Mhz Limit: 3696

Memory: 4k page, system-wide physical 16253M (747M free)
TotalPageFile size 20349M (AvailPageFile size 5M)
current process WorkingSet (physical memory assigned to process): 21M, peak: 21M
current process commit charge ("private bytes"): 320M, peak: 328M

vm_info: Java HotSpot(TM) 64-Bit Server VM (21.0.5+9-LTS-239) for windows-amd64 JRE (21.0.5+9-LTS-239), built on 2024-09-30T05:17:38Z by "mach5one" with MS VC++ 17.6 (VS2022)

END.
